[ 2026-03-15 15:28:15,600 ] root - INFO - Logger initialized. Logging to C:\Users\vansh\Projects\Fashion-Recommender\logs\03_15_2026_15_28_15.log
[ 2026-03-15 15:28:15,777 ] root - INFO - Logger initialized. Logging to C:\Users\vansh\Projects\Fashion-Recommender\logs\03_15_2026_15_28_15.log
[ 2026-03-15 15:28:15,785 ] asyncio - DEBUG - Using selector: SelectSelector
[ 2026-03-15 15:28:16,248 ] watchfiles.main - DEBUG - 1 change detected: {(<Change.modified: 2>, 'C:\\Users\\vansh\\Projects\\Fashion-Recommender\\logs\\03_15_2026_15_28_15.log')}
[ 2026-03-15 15:28:16,665 ] watchfiles.main - DEBUG - 1 change detected: {(<Change.modified: 2>, 'C:\\Users\\vansh\\Projects\\Fashion-Recommender\\logs\\03_15_2026_15_28_15.log')}
[ 2026-03-15 15:28:17,070 ] watchfiles.main - DEBUG - 1 change detected: {(<Change.modified: 2>, 'C:\\Users\\vansh\\Projects\\Fashion-Recommender\\logs\\03_15_2026_15_28_15.log')}
[ 2026-03-15 15:28:17,475 ] watchfiles.main - DEBUG - 1 change detected: {(<Change.modified: 2>, 'C:\\Users\\vansh\\Projects\\Fashion-Recommender\\logs\\03_15_2026_15_28_15.log')}
[ 2026-03-15 15:28:17,876 ] watchfiles.main - DEBUG - 1 change detected: {(<Change.modified: 2>, 'C:\\Users\\vansh\\Projects\\Fashion-Recommender\\logs\\03_15_2026_15_28_15.log')}
[ 2026-03-15 15:28:18,242 ] watchfiles.main - DEBUG - 1 change detected: {(<Change.modified: 2>, 'C:\\Users\\vansh\\Projects\\Fashion-Recommender\\logs\\03_15_2026_15_28_15.log')}
[ 2026-03-15 15:28:18,651 ] watchfiles.main - DEBUG - 1 change detected: {(<Change.modified: 2>, 'C:\\Users\\vansh\\Projects\\Fashion-Recommender\\logs\\03_15_2026_15_28_15.log')}
[ 2026-03-15 15:28:18,810 ] api.main - INFO - Fashion Recommender API starting up — loading models
[ 2026-03-15 15:28:18,810 ] fashion_recommender.components.feature_extractor - INFO - Loading saved feature extractor from C:\Users\vansh\Projects\Fashion-Recommender\artifacts\features_extractor.pt
[ 2026-03-15 15:28:19,059 ] watchfiles.main - DEBUG - 1 change detected: {(<Change.modified: 2>, 'C:\\Users\\vansh\\Projects\\Fashion-Recommender\\logs\\03_15_2026_15_28_15.log')}
[ 2026-03-15 15:28:19,159 ] fashion_recommender.components.feature_extractor - INFO - Feature extractor ready on cpu
[ 2026-03-15 15:28:19,159 ] fashion_recommender.components.recommender - INFO - Loading KNN neighbors model and metadata
[ 2026-03-15 15:28:19,259 ] fashion_recommender.components.recommender - INFO - Loaded 20 filenames and CSV with 44446 rows
[ 2026-03-15 15:28:19,259 ] api.main - INFO - Models loaded. API ready.
[ 2026-03-15 15:28:19,461 ] watchfiles.main - DEBUG - 1 change detected: {(<Change.modified: 2>, 'C:\\Users\\vansh\\Projects\\Fashion-Recommender\\logs\\03_15_2026_15_28_15.log')}
[ 2026-03-15 15:28:19,879 ] watchfiles.main - DEBUG - 1 change detected: {(<Change.modified: 2>, 'C:\\Users\\vansh\\Projects\\Fashion-Recommender\\logs\\03_15_2026_15_28_15.log')}
[ 2026-03-15 15:28:20,286 ] watchfiles.main - DEBUG - 1 change detected: {(<Change.modified: 2>, 'C:\\Users\\vansh\\Projects\\Fashion-Recommender\\logs\\03_15_2026_15_28_15.log')}
[ 2026-03-15 15:28:20,689 ] watchfiles.main - DEBUG - 1 change detected: {(<Change.modified: 2>, 'C:\\Users\\vansh\\Projects\\Fashion-Recommender\\logs\\03_15_2026_15_28_15.log')}
[ 2026-03-15 15:28:21,095 ] watchfiles.main - DEBUG - 1 change detected: {(<Change.modified: 2>, 'C:\\Users\\vansh\\Projects\\Fashion-Recommender\\logs\\03_15_2026_15_28_15.log')}
[ 2026-03-15 15:28:21,510 ] watchfiles.main - DEBUG - 1 change detected: {(<Change.modified: 2>, 'C:\\Users\\vansh\\Projects\\Fashion-Recommender\\logs\\03_15_2026_15_28_15.log')}
[ 2026-03-15 15:28:21,923 ] watchfiles.main - DEBUG - 1 change detected: {(<Change.modified: 2>, 'C:\\Users\\vansh\\Projects\\Fashion-Recommender\\logs\\03_15_2026_15_28_15.log')}
[ 2026-03-15 15:28:22,340 ] watchfiles.main - DEBUG - 1 change detected: {(<Change.modified: 2>, 'C:\\Users\\vansh\\Projects\\Fashion-Recommender\\logs\\03_15_2026_15_28_15.log')}
[ 2026-03-15 15:28:22,743 ] watchfiles.main - DEBUG - 1 change detected: {(<Change.modified: 2>, 'C:\\Users\\vansh\\Projects\\Fashion-Recommender\\logs\\03_15_2026_15_28_15.log')}
[ 2026-03-15 15:28:23,152 ] watchfiles.main - DEBUG - 1 change detected: {(<Change.modified: 2>, 'C:\\Users\\vansh\\Projects\\Fashion-Recommender\\logs\\03_15_2026_15_28_15.log')}
[ 2026-03-15 15:28:23,556 ] watchfiles.main - DEBUG - 1 change detected: {(<Change.modified: 2>, 'C:\\Users\\vansh\\Projects\\Fashion-Recommender\\logs\\03_15_2026_15_28_15.log')}
[ 2026-03-15 15:28:23,962 ] watchfiles.main - DEBUG - 1 change detected: {(<Change.modified: 2>, 'C:\\Users\\vansh\\Projects\\Fashion-Recommender\\logs\\03_15_2026_15_28_15.log')}
[ 2026-03-15 15:28:24,373 ] watchfiles.main - DEBUG - 1 change detected: {(<Change.modified: 2>, 'C:\\Users\\vansh\\Projects\\Fashion-Recommender\\logs\\03_15_2026_15_28_15.log')}
[ 2026-03-15 15:28:24,776 ] watchfiles.main - DEBUG - 1 change detected: {(<Change.modified: 2>, 'C:\\Users\\vansh\\Projects\\Fashion-Recommender\\logs\\03_15_2026_15_28_15.log')}
[ 2026-03-15 15:28:25,184 ] watchfiles.main - DEBUG - 1 change detected: {(<Change.modified: 2>, 'C:\\Users\\vansh\\Projects\\Fashion-Recommender\\logs\\03_15_2026_15_28_15.log')}
[ 2026-03-15 15:28:25,551 ] watchfiles.main - DEBUG - 1 change detected: {(<Change.modified: 2>, 'C:\\Users\\vansh\\Projects\\Fashion-Recommender\\logs\\03_15_2026_15_28_15.log')}
[ 2026-03-15 15:28:26,004 ] watchfiles.main - DEBUG - 1 change detected: {(<Change.modified: 2>, 'C:\\Users\\vansh\\Projects\\Fashion-Recommender\\logs\\03_15_2026_15_28_15.log')}
[ 2026-03-15 15:28:26,366 ] watchfiles.main - DEBUG - 1 change detected: {(<Change.modified: 2>, 'C:\\Users\\vansh\\Projects\\Fashion-Recommender\\logs\\03_15_2026_15_28_15.log')}
[ 2026-03-15 15:28:26,779 ] watchfiles.main - DEBUG - 1 change detected: {(<Change.modified: 2>, 'C:\\Users\\vansh\\Projects\\Fashion-Recommender\\logs\\03_15_2026_15_28_15.log')}
[ 2026-03-15 15:28:27,185 ] watchfiles.main - DEBUG - 1 change detected: {(<Change.modified: 2>, 'C:\\Users\\vansh\\Projects\\Fashion-Recommender\\logs\\03_15_2026_15_28_15.log')}
[ 2026-03-15 15:28:27,590 ] watchfiles.main - DEBUG - 1 change detected: {(<Change.modified: 2>, 'C:\\Users\\vansh\\Projects\\Fashion-Recommender\\logs\\03_15_2026_15_28_15.log')}
[ 2026-03-15 15:28:27,994 ] watchfiles.main - DEBUG - 1 change detected: {(<Change.modified: 2>, 'C:\\Users\\vansh\\Projects\\Fashion-Recommender\\logs\\03_15_2026_15_28_15.log')}
[ 2026-03-15 15:28:28,409 ] watchfiles.main - DEBUG - 1 change detected: {(<Change.modified: 2>, 'C:\\Users\\vansh\\Projects\\Fashion-Recommender\\logs\\03_15_2026_15_28_15.log')}
[ 2026-03-15 15:28:28,768 ] watchfiles.main - DEBUG - 1 change detected: {(<Change.modified: 2>, 'C:\\Users\\vansh\\Projects\\Fashion-Recommender\\logs\\03_15_2026_15_28_15.log')}
[ 2026-03-15 15:28:29,173 ] watchfiles.main - DEBUG - 1 change detected: {(<Change.modified: 2>, 'C:\\Users\\vansh\\Projects\\Fashion-Recommender\\logs\\03_15_2026_15_28_15.log')}
[ 2026-03-15 15:28:29,575 ] watchfiles.main - DEBUG - 1 change detected: {(<Change.modified: 2>, 'C:\\Users\\vansh\\Projects\\Fashion-Recommender\\logs\\03_15_2026_15_28_15.log')}
[ 2026-03-15 15:28:29,992 ] watchfiles.main - DEBUG - 1 change detected: {(<Change.modified: 2>, 'C:\\Users\\vansh\\Projects\\Fashion-Recommender\\logs\\03_15_2026_15_28_15.log')}
[ 2026-03-15 15:28:30,404 ] watchfiles.main - DEBUG - 1 change detected: {(<Change.modified: 2>, 'C:\\Users\\vansh\\Projects\\Fashion-Recommender\\logs\\03_15_2026_15_28_15.log')}
[ 2026-03-15 15:28:30,765 ] watchfiles.main - DEBUG - 1 change detected: {(<Change.modified: 2>, 'C:\\Users\\vansh\\Projects\\Fashion-Recommender\\logs\\03_15_2026_15_28_15.log')}
[ 2026-03-15 15:28:31,175 ] watchfiles.main - DEBUG - 1 change detected: {(<Change.modified: 2>, 'C:\\Users\\vansh\\Projects\\Fashion-Recommender\\logs\\03_15_2026_15_28_15.log')}
[ 2026-03-15 15:28:31,586 ] watchfiles.main - DEBUG - 1 change detected: {(<Change.modified: 2>, 'C:\\Users\\vansh\\Projects\\Fashion-Recommender\\logs\\03_15_2026_15_28_15.log')}
[ 2026-03-15 15:28:31,990 ] watchfiles.main - DEBUG - 1 change detected: {(<Change.modified: 2>, 'C:\\Users\\vansh\\Projects\\Fashion-Recommender\\logs\\03_15_2026_15_28_15.log')}
[ 2026-03-15 15:28:32,394 ] watchfiles.main - DEBUG - 1 change detected: {(<Change.modified: 2>, 'C:\\Users\\vansh\\Projects\\Fashion-Recommender\\logs\\03_15_2026_15_28_15.log')}
[ 2026-03-15 15:28:32,756 ] watchfiles.main - DEBUG - 1 change detected: {(<Change.modified: 2>, 'C:\\Users\\vansh\\Projects\\Fashion-Recommender\\logs\\03_15_2026_15_28_15.log')}
[ 2026-03-15 15:28:33,273 ] watchfiles.main - DEBUG - 1 change detected: {(<Change.modified: 2>, 'C:\\Users\\vansh\\Projects\\Fashion-Recommender\\logs\\03_15_2026_15_28_15.log')}
[ 2026-03-15 15:28:33,692 ] watchfiles.main - DEBUG - 1 change detected: {(<Change.modified: 2>, 'C:\\Users\\vansh\\Projects\\Fashion-Recommender\\logs\\03_15_2026_15_28_15.log')}
[ 2026-03-15 15:28:34,109 ] watchfiles.main - DEBUG - 1 change detected: {(<Change.modified: 2>, 'C:\\Users\\vansh\\Projects\\Fashion-Recommender\\logs\\03_15_2026_15_28_15.log')}
[ 2026-03-15 15:28:34,512 ] watchfiles.main - DEBUG - 1 change detected: {(<Change.modified: 2>, 'C:\\Users\\vansh\\Projects\\Fashion-Recommender\\logs\\03_15_2026_15_28_15.log')}
[ 2026-03-15 15:28:34,927 ] watchfiles.main - DEBUG - 1 change detected: {(<Change.modified: 2>, 'C:\\Users\\vansh\\Projects\\Fashion-Recommender\\logs\\03_15_2026_15_28_15.log')}
[ 2026-03-15 15:28:35,344 ] watchfiles.main - DEBUG - 1 change detected: {(<Change.modified: 2>, 'C:\\Users\\vansh\\Projects\\Fashion-Recommender\\logs\\03_15_2026_15_28_15.log')}
[ 2026-03-15 15:28:35,761 ] watchfiles.main - DEBUG - 1 change detected: {(<Change.modified: 2>, 'C:\\Users\\vansh\\Projects\\Fashion-Recommender\\logs\\03_15_2026_15_28_15.log')}
[ 2026-03-15 15:28:36,127 ] watchfiles.main - DEBUG - 1 change detected: {(<Change.modified: 2>, 'C:\\Users\\vansh\\Projects\\Fashion-Recommender\\logs\\03_15_2026_15_28_15.log')}
[ 2026-03-15 15:28:36,545 ] watchfiles.main - DEBUG - 1 change detected: {(<Change.modified: 2>, 'C:\\Users\\vansh\\Projects\\Fashion-Recommender\\logs\\03_15_2026_15_28_15.log')}
[ 2026-03-15 15:28:36,947 ] watchfiles.main - DEBUG - 1 change detected: {(<Change.modified: 2>, 'C:\\Users\\vansh\\Projects\\Fashion-Recommender\\logs\\03_15_2026_15_28_15.log')}
[ 2026-03-15 15:28:37,413 ] watchfiles.main - DEBUG - 1 change detected: {(<Change.modified: 2>, 'C:\\Users\\vansh\\Projects\\Fashion-Recommender\\logs\\03_15_2026_15_28_15.log')}
[ 2026-03-15 15:28:37,827 ] watchfiles.main - DEBUG - 1 change detected: {(<Change.modified: 2>, 'C:\\Users\\vansh\\Projects\\Fashion-Recommender\\logs\\03_15_2026_15_28_15.log')}
[ 2026-03-15 15:28:38,244 ] watchfiles.main - DEBUG - 1 change detected: {(<Change.modified: 2>, 'C:\\Users\\vansh\\Projects\\Fashion-Recommender\\logs\\03_15_2026_15_28_15.log')}
[ 2026-03-15 15:28:38,645 ] watchfiles.main - DEBUG - 1 change detected: {(<Change.modified: 2>, 'C:\\Users\\vansh\\Projects\\Fashion-Recommender\\logs\\03_15_2026_15_28_15.log')}
[ 2026-03-15 15:28:39,061 ] watchfiles.main - DEBUG - 1 change detected: {(<Change.modified: 2>, 'C:\\Users\\vansh\\Projects\\Fashion-Recommender\\logs\\03_15_2026_15_28_15.log')}
[ 2026-03-15 15:28:39,473 ] watchfiles.main - DEBUG - 1 change detected: {(<Change.modified: 2>, 'C:\\Users\\vansh\\Projects\\Fashion-Recommender\\logs\\03_15_2026_15_28_15.log')}
[ 2026-03-15 15:28:39,880 ] watchfiles.main - DEBUG - 1 change detected: {(<Change.modified: 2>, 'C:\\Users\\vansh\\Projects\\Fashion-Recommender\\logs\\03_15_2026_15_28_15.log')}
[ 2026-03-15 15:28:40,295 ] watchfiles.main - DEBUG - 1 change detected: {(<Change.modified: 2>, 'C:\\Users\\vansh\\Projects\\Fashion-Recommender\\logs\\03_15_2026_15_28_15.log')}
[ 2026-03-15 15:28:40,710 ] watchfiles.main - DEBUG - 1 change detected: {(<Change.modified: 2>, 'C:\\Users\\vansh\\Projects\\Fashion-Recommender\\logs\\03_15_2026_15_28_15.log')}
[ 2026-03-15 15:28:41,077 ] watchfiles.main - DEBUG - 1 change detected: {(<Change.modified: 2>, 'C:\\Users\\vansh\\Projects\\Fashion-Recommender\\logs\\03_15_2026_15_28_15.log')}
[ 2026-03-15 15:28:41,494 ] watchfiles.main - DEBUG - 1 change detected: {(<Change.modified: 2>, 'C:\\Users\\vansh\\Projects\\Fashion-Recommender\\logs\\03_15_2026_15_28_15.log')}
[ 2026-03-15 15:28:41,911 ] watchfiles.main - DEBUG - 1 change detected: {(<Change.modified: 2>, 'C:\\Users\\vansh\\Projects\\Fashion-Recommender\\logs\\03_15_2026_15_28_15.log')}
[ 2026-03-15 15:28:42,328 ] watchfiles.main - DEBUG - 1 change detected: {(<Change.modified: 2>, 'C:\\Users\\vansh\\Projects\\Fashion-Recommender\\logs\\03_15_2026_15_28_15.log')}
[ 2026-03-15 15:28:42,745 ] watchfiles.main - DEBUG - 1 change detected: {(<Change.modified: 2>, 'C:\\Users\\vansh\\Projects\\Fashion-Recommender\\logs\\03_15_2026_15_28_15.log')}
[ 2026-03-15 15:28:43,161 ] watchfiles.main - DEBUG - 1 change detected: {(<Change.modified: 2>, 'C:\\Users\\vansh\\Projects\\Fashion-Recommender\\logs\\03_15_2026_15_28_15.log')}
[ 2026-03-15 15:28:43,579 ] watchfiles.main - DEBUG - 1 change detected: {(<Change.modified: 2>, 'C:\\Users\\vansh\\Projects\\Fashion-Recommender\\logs\\03_15_2026_15_28_15.log')}
[ 2026-03-15 15:28:43,995 ] watchfiles.main - DEBUG - 1 change detected: {(<Change.modified: 2>, 'C:\\Users\\vansh\\Projects\\Fashion-Recommender\\logs\\03_15_2026_15_28_15.log')}
[ 2026-03-15 15:28:44,397 ] watchfiles.main - DEBUG - 1 change detected: {(<Change.modified: 2>, 'C:\\Users\\vansh\\Projects\\Fashion-Recommender\\logs\\03_15_2026_15_28_15.log')}
[ 2026-03-15 15:28:44,809 ] watchfiles.main - DEBUG - 1 change detected: {(<Change.modified: 2>, 'C:\\Users\\vansh\\Projects\\Fashion-Recommender\\logs\\03_15_2026_15_28_15.log')}
[ 2026-03-15 15:28:45,211 ] watchfiles.main - DEBUG - 1 change detected: {(<Change.modified: 2>, 'C:\\Users\\vansh\\Projects\\Fashion-Recommender\\logs\\03_15_2026_15_28_15.log')}
[ 2026-03-15 15:28:45,628 ] watchfiles.main - DEBUG - 1 change detected: {(<Change.modified: 2>, 'C:\\Users\\vansh\\Projects\\Fashion-Recommender\\logs\\03_15_2026_15_28_15.log')}
[ 2026-03-15 15:28:46,045 ] watchfiles.main - DEBUG - 1 change detected: {(<Change.modified: 2>, 'C:\\Users\\vansh\\Projects\\Fashion-Recommender\\logs\\03_15_2026_15_28_15.log')}
[ 2026-03-15 15:28:46,462 ] watchfiles.main - DEBUG - 1 change detected: {(<Change.modified: 2>, 'C:\\Users\\vansh\\Projects\\Fashion-Recommender\\logs\\03_15_2026_15_28_15.log')}
[ 2026-03-15 15:28:46,879 ] watchfiles.main - DEBUG - 1 change detected: {(<Change.modified: 2>, 'C:\\Users\\vansh\\Projects\\Fashion-Recommender\\logs\\03_15_2026_15_28_15.log')}
[ 2026-03-15 15:28:47,281 ] watchfiles.main - DEBUG - 1 change detected: {(<Change.modified: 2>, 'C:\\Users\\vansh\\Projects\\Fashion-Recommender\\logs\\03_15_2026_15_28_15.log')}
[ 2026-03-15 15:28:47,694 ] watchfiles.main - DEBUG - 1 change detected: {(<Change.modified: 2>, 'C:\\Users\\vansh\\Projects\\Fashion-Recommender\\logs\\03_15_2026_15_28_15.log')}
[ 2026-03-15 15:28:48,096 ] watchfiles.main - DEBUG - 1 change detected: {(<Change.modified: 2>, 'C:\\Users\\vansh\\Projects\\Fashion-Recommender\\logs\\03_15_2026_15_28_15.log')}
[ 2026-03-15 15:28:48,513 ] watchfiles.main - DEBUG - 1 change detected: {(<Change.modified: 2>, 'C:\\Users\\vansh\\Projects\\Fashion-Recommender\\logs\\03_15_2026_15_28_15.log')}
[ 2026-03-15 15:28:48,929 ] watchfiles.main - DEBUG - 1 change detected: {(<Change.modified: 2>, 'C:\\Users\\vansh\\Projects\\Fashion-Recommender\\logs\\03_15_2026_15_28_15.log')}
[ 2026-03-15 15:28:49,344 ] watchfiles.main - DEBUG - 1 change detected: {(<Change.modified: 2>, 'C:\\Users\\vansh\\Projects\\Fashion-Recommender\\logs\\03_15_2026_15_28_15.log')}
[ 2026-03-15 15:28:49,746 ] watchfiles.main - DEBUG - 1 change detected: {(<Change.modified: 2>, 'C:\\Users\\vansh\\Projects\\Fashion-Recommender\\logs\\03_15_2026_15_28_15.log')}
[ 2026-03-15 15:28:50,161 ] watchfiles.main - DEBUG - 1 change detected: {(<Change.modified: 2>, 'C:\\Users\\vansh\\Projects\\Fashion-Recommender\\logs\\03_15_2026_15_28_15.log')}
[ 2026-03-15 15:28:50,577 ] watchfiles.main - DEBUG - 1 change detected: {(<Change.modified: 2>, 'C:\\Users\\vansh\\Projects\\Fashion-Recommender\\logs\\03_15_2026_15_28_15.log')}
[ 2026-03-15 15:28:50,943 ] watchfiles.main - DEBUG - 1 change detected: {(<Change.modified: 2>, 'C:\\Users\\vansh\\Projects\\Fashion-Recommender\\logs\\03_15_2026_15_28_15.log')}
[ 2026-03-15 15:28:51,345 ] watchfiles.main - DEBUG - 1 change detected: {(<Change.modified: 2>, 'C:\\Users\\vansh\\Projects\\Fashion-Recommender\\logs\\03_15_2026_15_28_15.log')}
[ 2026-03-15 15:28:51,812 ] watchfiles.main - DEBUG - 1 change detected: {(<Change.modified: 2>, 'C:\\Users\\vansh\\Projects\\Fashion-Recommender\\logs\\03_15_2026_15_28_15.log')}
[ 2026-03-15 15:28:52,229 ] watchfiles.main - DEBUG - 1 change detected: {(<Change.modified: 2>, 'C:\\Users\\vansh\\Projects\\Fashion-Recommender\\logs\\03_15_2026_15_28_15.log')}
[ 2026-03-15 15:28:52,645 ] watchfiles.main - DEBUG - 1 change detected: {(<Change.modified: 2>, 'C:\\Users\\vansh\\Projects\\Fashion-Recommender\\logs\\03_15_2026_15_28_15.log')}
[ 2026-03-15 15:28:53,062 ] watchfiles.main - DEBUG - 1 change detected: {(<Change.modified: 2>, 'C:\\Users\\vansh\\Projects\\Fashion-Recommender\\logs\\03_15_2026_15_28_15.log')}
[ 2026-03-15 15:28:53,478 ] watchfiles.main - DEBUG - 1 change detected: {(<Change.modified: 2>, 'C:\\Users\\vansh\\Projects\\Fashion-Recommender\\logs\\03_15_2026_15_28_15.log')}
[ 2026-03-15 15:28:53,880 ] watchfiles.main - DEBUG - 1 change detected: {(<Change.modified: 2>, 'C:\\Users\\vansh\\Projects\\Fashion-Recommender\\logs\\03_15_2026_15_28_15.log')}
[ 2026-03-15 15:28:54,283 ] watchfiles.main - DEBUG - 1 change detected: {(<Change.modified: 2>, 'C:\\Users\\vansh\\Projects\\Fashion-Recommender\\logs\\03_15_2026_15_28_15.log')}
[ 2026-03-15 15:28:54,693 ] watchfiles.main - DEBUG - 1 change detected: {(<Change.modified: 2>, 'C:\\Users\\vansh\\Projects\\Fashion-Recommender\\logs\\03_15_2026_15_28_15.log')}
[ 2026-03-15 15:28:55,095 ] watchfiles.main - DEBUG - 1 change detected: {(<Change.modified: 2>, 'C:\\Users\\vansh\\Projects\\Fashion-Recommender\\logs\\03_15_2026_15_28_15.log')}
[ 2026-03-15 15:28:55,498 ] watchfiles.main - DEBUG - 1 change detected: {(<Change.modified: 2>, 'C:\\Users\\vansh\\Projects\\Fashion-Recommender\\logs\\03_15_2026_15_28_15.log')}
[ 2026-03-15 15:28:55,911 ] watchfiles.main - DEBUG - 1 change detected: {(<Change.modified: 2>, 'C:\\Users\\vansh\\Projects\\Fashion-Recommender\\logs\\03_15_2026_15_28_15.log')}
[ 2026-03-15 15:28:56,328 ] watchfiles.main - DEBUG - 1 change detected: {(<Change.modified: 2>, 'C:\\Users\\vansh\\Projects\\Fashion-Recommender\\logs\\03_15_2026_15_28_15.log')}
[ 2026-03-15 15:28:56,744 ] watchfiles.main - DEBUG - 1 change detected: {(<Change.modified: 2>, 'C:\\Users\\vansh\\Projects\\Fashion-Recommender\\logs\\03_15_2026_15_28_15.log')}
[ 2026-03-15 15:28:57,159 ] watchfiles.main - DEBUG - 1 change detected: {(<Change.modified: 2>, 'C:\\Users\\vansh\\Projects\\Fashion-Recommender\\logs\\03_15_2026_15_28_15.log')}
[ 2026-03-15 15:28:57,577 ] watchfiles.main - DEBUG - 1 change detected: {(<Change.modified: 2>, 'C:\\Users\\vansh\\Projects\\Fashion-Recommender\\logs\\03_15_2026_15_28_15.log')}
[ 2026-03-15 15:28:57,981 ] watchfiles.main - DEBUG - 1 change detected: {(<Change.modified: 2>, 'C:\\Users\\vansh\\Projects\\Fashion-Recommender\\logs\\03_15_2026_15_28_15.log')}
[ 2026-03-15 15:28:58,335 ] watchfiles.main - DEBUG - 1 change detected: {(<Change.modified: 2>, 'C:\\Users\\vansh\\Projects\\Fashion-Recommender\\logs\\03_15_2026_15_28_15.log')}
[ 2026-03-15 15:28:58,796 ] watchfiles.main - DEBUG - 1 change detected: {(<Change.modified: 2>, 'C:\\Users\\vansh\\Projects\\Fashion-Recommender\\logs\\03_15_2026_15_28_15.log')}
[ 2026-03-15 15:28:59,014 ] python_multipart.multipart - DEBUG - Calling on_part_begin with no data
[ 2026-03-15 15:28:59,014 ] python_multipart.multipart - DEBUG - Calling on_header_field with data[42:61]
[ 2026-03-15 15:28:59,014 ] python_multipart.multipart - DEBUG - Calling on_header_value with data[63:106]
[ 2026-03-15 15:28:59,014 ] python_multipart.multipart - DEBUG - Calling on_header_end with no data
[ 2026-03-15 15:28:59,014 ] python_multipart.multipart - DEBUG - Calling on_header_field with data[108:120]
[ 2026-03-15 15:28:59,015 ] python_multipart.multipart - DEBUG - Calling on_header_value with data[122:132]
[ 2026-03-15 15:28:59,015 ] python_multipart.multipart - DEBUG - Calling on_header_end with no data
[ 2026-03-15 15:28:59,015 ] python_multipart.multipart - DEBUG - Calling on_headers_finished with no data
[ 2026-03-15 15:28:59,015 ] python_multipart.multipart - DEBUG - Calling on_part_data with data[136:29952]
[ 2026-03-15 15:28:59,016 ] python_multipart.multipart - DEBUG - Calling on_part_end with no data
[ 2026-03-15 15:28:59,016 ] python_multipart.multipart - DEBUG - Calling on_end with no data
[ 2026-03-15 15:28:59,027 ] api.routers.predict - INFO - Received upload: test.jpg (image/jpeg)
[ 2026-03-15 15:28:59,028 ] fashion_recommender.utils - INFO - Required artifact directories verified
[ 2026-03-15 15:28:59,048 ] fashion_recommender.pipeline.prediction_pipeline - INFO - Prediction pipeline started for 10efd7cdcba44c57bb439e58965c0f4e.jpg
[ 2026-03-15 15:28:59,204 ] watchfiles.main - DEBUG - 3 changes detected: {(<Change.added: 1>, 'C:\\Users\\vansh\\Projects\\Fashion-Recommender\\artifacts\\uploads'), (<Change.modified: 2>, 'C:\\Users\\vansh\\Projects\\Fashion-Recommender\\logs\\03_15_2026_15_28_15.log'), (<Change.added: 1>, 'C:\\Users\\vansh\\Projects\\Fashion-Recommender\\artifacts\\uploads\\10efd7cdcba44c57bb439e58965c0f4e.jpg')}
[ 2026-03-15 15:28:59,236 ] fashion_recommender.components.feature_extractor - DEBUG - Features extracted for 10efd7cdcba44c57bb439e58965c0f4e.jpg
[ 2026-03-15 15:28:59,610 ] watchfiles.main - DEBUG - 3 changes detected: {(<Change.modified: 2>, 'C:\\Users\\vansh\\Projects\\Fashion-Recommender\\artifacts'), (<Change.modified: 2>, 'C:\\Users\\vansh\\Projects\\Fashion-Recommender\\logs\\03_15_2026_15_28_15.log'), (<Change.modified: 2>, 'C:\\Users\\vansh\\Projects\\Fashion-Recommender\\artifacts\\uploads')}
[ 2026-03-15 15:29:00,026 ] watchfiles.main - DEBUG - 1 change detected: {(<Change.modified: 2>, 'C:\\Users\\vansh\\Projects\\Fashion-Recommender\\logs\\03_15_2026_15_28_15.log')}
[ 2026-03-15 15:29:00,443 ] watchfiles.main - DEBUG - 1 change detected: {(<Change.modified: 2>, 'C:\\Users\\vansh\\Projects\\Fashion-Recommender\\logs\\03_15_2026_15_28_15.log')}
[ 2026-03-15 15:29:00,853 ] watchfiles.main - DEBUG - 1 change detected: {(<Change.modified: 2>, 'C:\\Users\\vansh\\Projects\\Fashion-Recommender\\logs\\03_15_2026_15_28_15.log')}
[ 2026-03-15 15:29:01,260 ] watchfiles.main - DEBUG - 1 change detected: {(<Change.modified: 2>, 'C:\\Users\\vansh\\Projects\\Fashion-Recommender\\logs\\03_15_2026_15_28_15.log')}
[ 2026-03-15 15:29:01,677 ] watchfiles.main - DEBUG - 1 change detected: {(<Change.modified: 2>, 'C:\\Users\\vansh\\Projects\\Fashion-Recommender\\logs\\03_15_2026_15_28_15.log')}
[ 2026-03-15 15:29:02,094 ] watchfiles.main - DEBUG - 1 change detected: {(<Change.modified: 2>, 'C:\\Users\\vansh\\Projects\\Fashion-Recommender\\logs\\03_15_2026_15_28_15.log')}
[ 2026-03-15 15:29:02,460 ] watchfiles.main - DEBUG - 1 change detected: {(<Change.modified: 2>, 'C:\\Users\\vansh\\Projects\\Fashion-Recommender\\logs\\03_15_2026_15_28_15.log')}
[ 2026-03-15 15:29:02,877 ] watchfiles.main - DEBUG - 1 change detected: {(<Change.modified: 2>, 'C:\\Users\\vansh\\Projects\\Fashion-Recommender\\logs\\03_15_2026_15_28_15.log')}
[ 2026-03-15 15:29:03,293 ] watchfiles.main - DEBUG - 1 change detected: {(<Change.modified: 2>, 'C:\\Users\\vansh\\Projects\\Fashion-Recommender\\logs\\03_15_2026_15_28_15.log')}
[ 2026-03-15 15:29:03,700 ] watchfiles.main - DEBUG - 1 change detected: {(<Change.modified: 2>, 'C:\\Users\\vansh\\Projects\\Fashion-Recommender\\logs\\03_15_2026_15_28_15.log')}
[ 2026-03-15 15:29:04,029 ] fashion_recommender.components.recommender - WARNING - Style JSON not found: C:\Users\vansh\Projects\Fashion-Recommender\artifacts\styles\53759.json
[ 2026-03-15 15:29:04,040 ] fashion_recommender.components.recommender - WARNING - Style JSON not found: C:\Users\vansh\Projects\Fashion-Recommender\artifacts\styles\15970.json
[ 2026-03-15 15:29:04,051 ] watchfiles.main - DEBUG - 1 change detected: {(<Change.modified: 2>, 'C:\\Users\\vansh\\Projects\\Fashion-Recommender\\logs\\03_15_2026_15_28_15.log')}
[ 2026-03-15 15:29:04,052 ] fashion_recommender.components.recommender - WARNING - Style JSON not found: C:\Users\vansh\Projects\Fashion-Recommender\artifacts\styles\30805.json
[ 2026-03-15 15:29:04,062 ] fashion_recommender.components.recommender - WARNING - Style JSON not found: C:\Users\vansh\Projects\Fashion-Recommender\artifacts\styles\26960.json
[ 2026-03-15 15:29:04,067 ] fashion_recommender.components.recommender - WARNING - Style JSON not found: C:\Users\vansh\Projects\Fashion-Recommender\artifacts\styles\1855.json
[ 2026-03-15 15:29:04,074 ] fashion_recommender.components.recommender - WARNING - Style JSON not found: C:\Users\vansh\Projects\Fashion-Recommender\artifacts\styles\21379.json
[ 2026-03-15 15:29:04,075 ] fashion_recommender.components.recommender - INFO - Returning 6 recommendations
[ 2026-03-15 15:29:04,075 ] fashion_recommender.pipeline.prediction_pipeline - INFO - Prediction pipeline complete — 6 results
[ 2026-03-15 15:29:04,409 ] watchfiles.main - DEBUG - 1 change detected: {(<Change.deleted: 3>, 'C:\\Users\\vansh\\Projects\\Fashion-Recommender\\artifacts\\uploads\\10efd7cdcba44c57bb439e58965c0f4e.jpg')}
[ 2026-03-15 15:29:04,763 ] watchfiles.main - DEBUG - 1 change detected: {(<Change.modified: 2>, 'C:\\Users\\vansh\\Projects\\Fashion-Recommender\\logs\\03_15_2026_15_28_15.log')}
[ 2026-03-15 15:29:05,126 ] watchfiles.main - DEBUG - 1 change detected: {(<Change.modified: 2>, 'C:\\Users\\vansh\\Projects\\Fashion-Recommender\\logs\\03_15_2026_15_28_15.log')}
[ 2026-03-15 15:29:05,493 ] watchfiles.main - DEBUG - 1 change detected: {(<Change.modified: 2>, 'C:\\Users\\vansh\\Projects\\Fashion-Recommender\\logs\\03_15_2026_15_28_15.log')}
[ 2026-03-15 15:29:05,843 ] watchfiles.main - DEBUG - 1 change detected: {(<Change.modified: 2>, 'C:\\Users\\vansh\\Projects\\Fashion-Recommender\\logs\\03_15_2026_15_28_15.log')}
[ 2026-03-15 15:29:06,205 ] watchfiles.main - DEBUG - 1 change detected: {(<Change.modified: 2>, 'C:\\Users\\vansh\\Projects\\Fashion-Recommender\\logs\\03_15_2026_15_28_15.log')}
[ 2026-03-15 15:29:06,613 ] watchfiles.main - DEBUG - 1 change detected: {(<Change.modified: 2>, 'C:\\Users\\vansh\\Projects\\Fashion-Recommender\\logs\\03_15_2026_15_28_15.log')}
[ 2026-03-15 15:29:07,027 ] watchfiles.main - DEBUG - 1 change detected: {(<Change.modified: 2>, 'C:\\Users\\vansh\\Projects\\Fashion-Recommender\\logs\\03_15_2026_15_28_15.log')}
[ 2026-03-15 15:29:07,443 ] watchfiles.main - DEBUG - 1 change detected: {(<Change.modified: 2>, 'C:\\Users\\vansh\\Projects\\Fashion-Recommender\\logs\\03_15_2026_15_28_15.log')}
[ 2026-03-15 15:29:07,845 ] watchfiles.main - DEBUG - 1 change detected: {(<Change.modified: 2>, 'C:\\Users\\vansh\\Projects\\Fashion-Recommender\\logs\\03_15_2026_15_28_15.log')}
[ 2026-03-15 15:29:08,260 ] watchfiles.main - DEBUG - 1 change detected: {(<Change.modified: 2>, 'C:\\Users\\vansh\\Projects\\Fashion-Recommender\\logs\\03_15_2026_15_28_15.log')}
[ 2026-03-15 15:29:08,626 ] watchfiles.main - DEBUG - 1 change detected: {(<Change.modified: 2>, 'C:\\Users\\vansh\\Projects\\Fashion-Recommender\\logs\\03_15_2026_15_28_15.log')}
[ 2026-03-15 15:29:09,045 ] watchfiles.main - DEBUG - 1 change detected: {(<Change.modified: 2>, 'C:\\Users\\vansh\\Projects\\Fashion-Recommender\\logs\\03_15_2026_15_28_15.log')}
[ 2026-03-15 15:29:09,463 ] watchfiles.main - DEBUG - 1 change detected: {(<Change.modified: 2>, 'C:\\Users\\vansh\\Projects\\Fashion-Recommender\\logs\\03_15_2026_15_28_15.log')}
[ 2026-03-15 15:29:09,878 ] watchfiles.main - DEBUG - 1 change detected: {(<Change.modified: 2>, 'C:\\Users\\vansh\\Projects\\Fashion-Recommender\\logs\\03_15_2026_15_28_15.log')}
[ 2026-03-15 15:29:10,292 ] watchfiles.main - DEBUG - 1 change detected: {(<Change.modified: 2>, 'C:\\Users\\vansh\\Projects\\Fashion-Recommender\\logs\\03_15_2026_15_28_15.log')}
[ 2026-03-15 15:29:10,646 ] watchfiles.main - DEBUG - 1 change detected: {(<Change.modified: 2>, 'C:\\Users\\vansh\\Projects\\Fashion-Recommender\\logs\\03_15_2026_15_28_15.log')}
[ 2026-03-15 15:29:11,063 ] watchfiles.main - DEBUG - 1 change detected: {(<Change.modified: 2>, 'C:\\Users\\vansh\\Projects\\Fashion-Recommender\\logs\\03_15_2026_15_28_15.log')}
[ 2026-03-15 15:29:11,474 ] watchfiles.main - DEBUG - 1 change detected: {(<Change.modified: 2>, 'C:\\Users\\vansh\\Projects\\Fashion-Recommender\\logs\\03_15_2026_15_28_15.log')}
[ 2026-03-15 15:29:11,878 ] watchfiles.main - DEBUG - 1 change detected: {(<Change.modified: 2>, 'C:\\Users\\vansh\\Projects\\Fashion-Recommender\\logs\\03_15_2026_15_28_15.log')}
[ 2026-03-15 15:29:12,286 ] watchfiles.main - DEBUG - 1 change detected: {(<Change.modified: 2>, 'C:\\Users\\vansh\\Projects\\Fashion-Recommender\\logs\\03_15_2026_15_28_15.log')}
[ 2026-03-15 15:29:12,702 ] watchfiles.main - DEBUG - 1 change detected: {(<Change.modified: 2>, 'C:\\Users\\vansh\\Projects\\Fashion-Recommender\\logs\\03_15_2026_15_28_15.log')}
[ 2026-03-15 15:29:13,112 ] watchfiles.main - DEBUG - 1 change detected: {(<Change.modified: 2>, 'C:\\Users\\vansh\\Projects\\Fashion-Recommender\\logs\\03_15_2026_15_28_15.log')}
[ 2026-03-15 15:29:13,527 ] watchfiles.main - DEBUG - 1 change detected: {(<Change.modified: 2>, 'C:\\Users\\vansh\\Projects\\Fashion-Recommender\\logs\\03_15_2026_15_28_15.log')}
[ 2026-03-15 15:29:13,942 ] watchfiles.main - DEBUG - 1 change detected: {(<Change.modified: 2>, 'C:\\Users\\vansh\\Projects\\Fashion-Recommender\\logs\\03_15_2026_15_28_15.log')}
[ 2026-03-15 15:29:14,309 ] watchfiles.main - DEBUG - 1 change detected: {(<Change.modified: 2>, 'C:\\Users\\vansh\\Projects\\Fashion-Recommender\\logs\\03_15_2026_15_28_15.log')}
[ 2026-03-15 15:29:14,726 ] watchfiles.main - DEBUG - 1 change detected: {(<Change.modified: 2>, 'C:\\Users\\vansh\\Projects\\Fashion-Recommender\\logs\\03_15_2026_15_28_15.log')}
[ 2026-03-15 15:29:15,140 ] watchfiles.main - DEBUG - 1 change detected: {(<Change.modified: 2>, 'C:\\Users\\vansh\\Projects\\Fashion-Recommender\\logs\\03_15_2026_15_28_15.log')}
[ 2026-03-15 15:29:15,504 ] watchfiles.main - DEBUG - 1 change detected: {(<Change.modified: 2>, 'C:\\Users\\vansh\\Projects\\Fashion-Recommender\\logs\\03_15_2026_15_28_15.log')}
[ 2026-03-15 15:29:15,921 ] watchfiles.main - DEBUG - 1 change detected: {(<Change.modified: 2>, 'C:\\Users\\vansh\\Projects\\Fashion-Recommender\\logs\\03_15_2026_15_28_15.log')}
[ 2026-03-15 15:29:16,333 ] watchfiles.main - DEBUG - 1 change detected: {(<Change.modified: 2>, 'C:\\Users\\vansh\\Projects\\Fashion-Recommender\\logs\\03_15_2026_15_28_15.log')}
[ 2026-03-15 15:29:16,742 ] watchfiles.main - DEBUG - 1 change detected: {(<Change.modified: 2>, 'C:\\Users\\vansh\\Projects\\Fashion-Recommender\\logs\\03_15_2026_15_28_15.log')}
[ 2026-03-15 15:29:17,159 ] watchfiles.main - DEBUG - 1 change detected: {(<Change.modified: 2>, 'C:\\Users\\vansh\\Projects\\Fashion-Recommender\\logs\\03_15_2026_15_28_15.log')}
[ 2026-03-15 15:29:17,575 ] watchfiles.main - DEBUG - 1 change detected: {(<Change.modified: 2>, 'C:\\Users\\vansh\\Projects\\Fashion-Recommender\\logs\\03_15_2026_15_28_15.log')}
[ 2026-03-15 15:29:17,943 ] watchfiles.main - DEBUG - 1 change detected: {(<Change.modified: 2>, 'C:\\Users\\vansh\\Projects\\Fashion-Recommender\\logs\\03_15_2026_15_28_15.log')}
[ 2026-03-15 15:29:18,357 ] watchfiles.main - DEBUG - 1 change detected: {(<Change.modified: 2>, 'C:\\Users\\vansh\\Projects\\Fashion-Recommender\\logs\\03_15_2026_15_28_15.log')}
[ 2026-03-15 15:29:18,811 ] watchfiles.main - DEBUG - 1 change detected: {(<Change.modified: 2>, 'C:\\Users\\vansh\\Projects\\Fashion-Recommender\\logs\\03_15_2026_15_28_15.log')}
[ 2026-03-15 15:29:19,223 ] watchfiles.main - DEBUG - 1 change detected: {(<Change.modified: 2>, 'C:\\Users\\vansh\\Projects\\Fashion-Recommender\\logs\\03_15_2026_15_28_15.log')}
[ 2026-03-15 15:29:19,628 ] watchfiles.main - DEBUG - 1 change detected: {(<Change.modified: 2>, 'C:\\Users\\vansh\\Projects\\Fashion-Recommender\\logs\\03_15_2026_15_28_15.log')}
[ 2026-03-15 15:29:20,044 ] watchfiles.main - DEBUG - 1 change detected: {(<Change.modified: 2>, 'C:\\Users\\vansh\\Projects\\Fashion-Recommender\\logs\\03_15_2026_15_28_15.log')}
[ 2026-03-15 15:29:20,458 ] watchfiles.main - DEBUG - 1 change detected: {(<Change.modified: 2>, 'C:\\Users\\vansh\\Projects\\Fashion-Recommender\\logs\\03_15_2026_15_28_15.log')}
[ 2026-03-15 15:29:20,824 ] watchfiles.main - DEBUG - 1 change detected: {(<Change.modified: 2>, 'C:\\Users\\vansh\\Projects\\Fashion-Recommender\\logs\\03_15_2026_15_28_15.log')}
[ 2026-03-15 15:29:21,278 ] watchfiles.main - DEBUG - 1 change detected: {(<Change.modified: 2>, 'C:\\Users\\vansh\\Projects\\Fashion-Recommender\\logs\\03_15_2026_15_28_15.log')}
[ 2026-03-15 15:29:21,693 ] watchfiles.main - DEBUG - 1 change detected: {(<Change.modified: 2>, 'C:\\Users\\vansh\\Projects\\Fashion-Recommender\\logs\\03_15_2026_15_28_15.log')}
[ 2026-03-15 15:29:22,059 ] watchfiles.main - DEBUG - 1 change detected: {(<Change.modified: 2>, 'C:\\Users\\vansh\\Projects\\Fashion-Recommender\\logs\\03_15_2026_15_28_15.log')}
[ 2026-03-15 15:29:22,466 ] watchfiles.main - DEBUG - 1 change detected: {(<Change.modified: 2>, 'C:\\Users\\vansh\\Projects\\Fashion-Recommender\\logs\\03_15_2026_15_28_15.log')}
[ 2026-03-15 15:29:22,879 ] watchfiles.main - DEBUG - 1 change detected: {(<Change.modified: 2>, 'C:\\Users\\vansh\\Projects\\Fashion-Recommender\\logs\\03_15_2026_15_28_15.log')}
[ 2026-03-15 15:29:23,290 ] watchfiles.main - DEBUG - 1 change detected: {(<Change.modified: 2>, 'C:\\Users\\vansh\\Projects\\Fashion-Recommender\\logs\\03_15_2026_15_28_15.log')}
[ 2026-03-15 15:29:23,694 ] watchfiles.main - DEBUG - 1 change detected: {(<Change.modified: 2>, 'C:\\Users\\vansh\\Projects\\Fashion-Recommender\\logs\\03_15_2026_15_28_15.log')}
[ 2026-03-15 15:29:24,101 ] watchfiles.main - DEBUG - 1 change detected: {(<Change.modified: 2>, 'C:\\Users\\vansh\\Projects\\Fashion-Recommender\\logs\\03_15_2026_15_28_15.log')}
[ 2026-03-15 15:29:24,506 ] watchfiles.main - DEBUG - 1 change detected: {(<Change.modified: 2>, 'C:\\Users\\vansh\\Projects\\Fashion-Recommender\\logs\\03_15_2026_15_28_15.log')}
[ 2026-03-15 15:29:24,910 ] watchfiles.main - DEBUG - 1 change detected: {(<Change.modified: 2>, 'C:\\Users\\vansh\\Projects\\Fashion-Recommender\\logs\\03_15_2026_15_28_15.log')}
[ 2026-03-15 15:29:25,323 ] watchfiles.main - DEBUG - 1 change detected: {(<Change.modified: 2>, 'C:\\Users\\vansh\\Projects\\Fashion-Recommender\\logs\\03_15_2026_15_28_15.log')}
[ 2026-03-15 15:29:25,681 ] watchfiles.main - DEBUG - 1 change detected: {(<Change.modified: 2>, 'C:\\Users\\vansh\\Projects\\Fashion-Recommender\\logs\\03_15_2026_15_28_15.log')}
[ 2026-03-15 15:29:26,139 ] watchfiles.main - DEBUG - 1 change detected: {(<Change.modified: 2>, 'C:\\Users\\vansh\\Projects\\Fashion-Recommender\\logs\\03_15_2026_15_28_15.log')}
[ 2026-03-15 15:29:26,507 ] watchfiles.main - DEBUG - 1 change detected: {(<Change.modified: 2>, 'C:\\Users\\vansh\\Projects\\Fashion-Recommender\\logs\\03_15_2026_15_28_15.log')}
[ 2026-03-15 15:29:26,922 ] watchfiles.main - DEBUG - 1 change detected: {(<Change.modified: 2>, 'C:\\Users\\vansh\\Projects\\Fashion-Recommender\\logs\\03_15_2026_15_28_15.log')}
[ 2026-03-15 15:29:27,335 ] watchfiles.main - DEBUG - 1 change detected: {(<Change.modified: 2>, 'C:\\Users\\vansh\\Projects\\Fashion-Recommender\\logs\\03_15_2026_15_28_15.log')}
[ 2026-03-15 15:29:27,744 ] watchfiles.main - DEBUG - 1 change detected: {(<Change.modified: 2>, 'C:\\Users\\vansh\\Projects\\Fashion-Recommender\\logs\\03_15_2026_15_28_15.log')}
[ 2026-03-15 15:29:28,106 ] watchfiles.main - DEBUG - 1 change detected: {(<Change.modified: 2>, 'C:\\Users\\vansh\\Projects\\Fashion-Recommender\\logs\\03_15_2026_15_28_15.log')}
[ 2026-03-15 15:29:28,510 ] watchfiles.main - DEBUG - 1 change detected: {(<Change.modified: 2>, 'C:\\Users\\vansh\\Projects\\Fashion-Recommender\\logs\\03_15_2026_15_28_15.log')}
[ 2026-03-15 15:29:28,915 ] watchfiles.main - DEBUG - 1 change detected: {(<Change.modified: 2>, 'C:\\Users\\vansh\\Projects\\Fashion-Recommender\\logs\\03_15_2026_15_28_15.log')}
[ 2026-03-15 15:29:29,323 ] watchfiles.main - DEBUG - 1 change detected: {(<Change.modified: 2>, 'C:\\Users\\vansh\\Projects\\Fashion-Recommender\\logs\\03_15_2026_15_28_15.log')}
[ 2026-03-15 15:29:29,725 ] watchfiles.main - DEBUG - 1 change detected: {(<Change.modified: 2>, 'C:\\Users\\vansh\\Projects\\Fashion-Recommender\\logs\\03_15_2026_15_28_15.log')}
[ 2026-03-15 15:29:30,141 ] watchfiles.main - DEBUG - 3 changes detected: {(<Change.modified: 2>, 'C:\\Users\\vansh\\Projects\\Fashion-Recommender\\logs\\03_15_2026_15_14_12.log'), (<Change.modified: 2>, 'C:\\Users\\vansh\\Projects\\Fashion-Recommender\\logs\\03_15_2026_15_14_32.log'), (<Change.modified: 2>, 'C:\\Users\\vansh\\Projects\\Fashion-Recommender\\logs\\03_15_2026_15_28_15.log')}
[ 2026-03-15 15:29:30,504 ] watchfiles.main - DEBUG - 3 changes detected: {(<Change.modified: 2>, 'C:\\Users\\vansh\\Projects\\Fashion-Recommender\\logs\\03_15_2026_15_14_12.log'), (<Change.modified: 2>, 'C:\\Users\\vansh\\Projects\\Fashion-Recommender\\logs\\03_15_2026_15_14_32.log'), (<Change.modified: 2>, 'C:\\Users\\vansh\\Projects\\Fashion-Recommender\\logs\\03_15_2026_15_28_15.log')}
[ 2026-03-15 15:29:30,911 ] watchfiles.main - DEBUG - 3 changes detected: {(<Change.modified: 2>, 'C:\\Users\\vansh\\Projects\\Fashion-Recommender\\logs\\03_15_2026_15_14_12.log'), (<Change.modified: 2>, 'C:\\Users\\vansh\\Projects\\Fashion-Recommender\\logs\\03_15_2026_15_14_32.log'), (<Change.modified: 2>, 'C:\\Users\\vansh\\Projects\\Fashion-Recommender\\logs\\03_15_2026_15_28_15.log')}
[ 2026-03-15 15:29:31,275 ] watchfiles.main - DEBUG - 3 changes detected: {(<Change.modified: 2>, 'C:\\Users\\vansh\\Projects\\Fashion-Recommender\\logs\\03_15_2026_15_14_12.log'), (<Change.modified: 2>, 'C:\\Users\\vansh\\Projects\\Fashion-Recommender\\logs\\03_15_2026_15_14_32.log'), (<Change.modified: 2>, 'C:\\Users\\vansh\\Projects\\Fashion-Recommender\\logs\\03_15_2026_15_28_15.log')}
[ 2026-03-15 15:29:31,682 ] watchfiles.main - DEBUG - 3 changes detected: {(<Change.modified: 2>, 'C:\\Users\\vansh\\Projects\\Fashion-Recommender\\logs\\03_15_2026_15_14_12.log'), (<Change.modified: 2>, 'C:\\Users\\vansh\\Projects\\Fashion-Recommender\\logs\\03_15_2026_15_14_32.log'), (<Change.modified: 2>, 'C:\\Users\\vansh\\Projects\\Fashion-Recommender\\logs\\03_15_2026_15_28_15.log')}
[ 2026-03-15 15:29:32,086 ] watchfiles.main - DEBUG - 3 changes detected: {(<Change.modified: 2>, 'C:\\Users\\vansh\\Projects\\Fashion-Recommender\\logs\\03_15_2026_15_14_12.log'), (<Change.modified: 2>, 'C:\\Users\\vansh\\Projects\\Fashion-Recommender\\logs\\03_15_2026_15_14_32.log'), (<Change.modified: 2>, 'C:\\Users\\vansh\\Projects\\Fashion-Recommender\\logs\\03_15_2026_15_28_15.log')}
[ 2026-03-15 15:29:32,500 ] watchfiles.main - DEBUG - 3 changes detected: {(<Change.modified: 2>, 'C:\\Users\\vansh\\Projects\\Fashion-Recommender\\logs\\03_15_2026_15_14_12.log'), (<Change.modified: 2>, 'C:\\Users\\vansh\\Projects\\Fashion-Recommender\\logs\\03_15_2026_15_14_32.log'), (<Change.modified: 2>, 'C:\\Users\\vansh\\Projects\\Fashion-Recommender\\logs\\03_15_2026_15_28_15.log')}
[ 2026-03-15 15:29:32,910 ] watchfiles.main - DEBUG - 3 changes detected: {(<Change.modified: 2>, 'C:\\Users\\vansh\\Projects\\Fashion-Recommender\\logs\\03_15_2026_15_14_12.log'), (<Change.modified: 2>, 'C:\\Users\\vansh\\Projects\\Fashion-Recommender\\logs\\03_15_2026_15_14_32.log'), (<Change.modified: 2>, 'C:\\Users\\vansh\\Projects\\Fashion-Recommender\\logs\\03_15_2026_15_28_15.log')}
[ 2026-03-15 15:29:33,316 ] watchfiles.main - DEBUG - 3 changes detected: {(<Change.modified: 2>, 'C:\\Users\\vansh\\Projects\\Fashion-Recommender\\logs\\03_15_2026_15_14_12.log'), (<Change.modified: 2>, 'C:\\Users\\vansh\\Projects\\Fashion-Recommender\\logs\\03_15_2026_15_14_32.log'), (<Change.modified: 2>, 'C:\\Users\\vansh\\Projects\\Fashion-Recommender\\logs\\03_15_2026_15_28_15.log')}
[ 2026-03-15 15:29:33,681 ] watchfiles.main - DEBUG - 3 changes detected: {(<Change.modified: 2>, 'C:\\Users\\vansh\\Projects\\Fashion-Recommender\\logs\\03_15_2026_15_14_12.log'), (<Change.modified: 2>, 'C:\\Users\\vansh\\Projects\\Fashion-Recommender\\logs\\03_15_2026_15_14_32.log'), (<Change.modified: 2>, 'C:\\Users\\vansh\\Projects\\Fashion-Recommender\\logs\\03_15_2026_15_28_15.log')}
[ 2026-03-15 15:29:34,042 ] watchfiles.main - DEBUG - 3 changes detected: {(<Change.modified: 2>, 'C:\\Users\\vansh\\Projects\\Fashion-Recommender\\logs\\03_15_2026_15_14_12.log'), (<Change.modified: 2>, 'C:\\Users\\vansh\\Projects\\Fashion-Recommender\\logs\\03_15_2026_15_14_32.log'), (<Change.modified: 2>, 'C:\\Users\\vansh\\Projects\\Fashion-Recommender\\logs\\03_15_2026_15_28_15.log')}
[ 2026-03-15 15:29:34,459 ] watchfiles.main - DEBUG - 3 changes detected: {(<Change.modified: 2>, 'C:\\Users\\vansh\\Projects\\Fashion-Recommender\\logs\\03_15_2026_15_14_12.log'), (<Change.modified: 2>, 'C:\\Users\\vansh\\Projects\\Fashion-Recommender\\logs\\03_15_2026_15_14_32.log'), (<Change.modified: 2>, 'C:\\Users\\vansh\\Projects\\Fashion-Recommender\\logs\\03_15_2026_15_28_15.log')}
[ 2026-03-15 15:29:34,860 ] watchfiles.main - DEBUG - 3 changes detected: {(<Change.modified: 2>, 'C:\\Users\\vansh\\Projects\\Fashion-Recommender\\logs\\03_15_2026_15_14_12.log'), (<Change.modified: 2>, 'C:\\Users\\vansh\\Projects\\Fashion-Recommender\\logs\\03_15_2026_15_14_32.log'), (<Change.modified: 2>, 'C:\\Users\\vansh\\Projects\\Fashion-Recommender\\logs\\03_15_2026_15_28_15.log')}
[ 2026-03-15 15:29:35,268 ] watchfiles.main - DEBUG - 3 changes detected: {(<Change.modified: 2>, 'C:\\Users\\vansh\\Projects\\Fashion-Recommender\\logs\\03_15_2026_15_14_12.log'), (<Change.modified: 2>, 'C:\\Users\\vansh\\Projects\\Fashion-Recommender\\logs\\03_15_2026_15_14_32.log'), (<Change.modified: 2>, 'C:\\Users\\vansh\\Projects\\Fashion-Recommender\\logs\\03_15_2026_15_28_15.log')}
[ 2026-03-15 15:29:35,636 ] watchfiles.main - DEBUG - 3 changes detected: {(<Change.modified: 2>, 'C:\\Users\\vansh\\Projects\\Fashion-Recommender\\logs\\03_15_2026_15_14_12.log'), (<Change.modified: 2>, 'C:\\Users\\vansh\\Projects\\Fashion-Recommender\\logs\\03_15_2026_15_14_32.log'), (<Change.modified: 2>, 'C:\\Users\\vansh\\Projects\\Fashion-Recommender\\logs\\03_15_2026_15_28_15.log')}
[ 2026-03-15 15:29:35,987 ] watchfiles.main - DEBUG - 3 changes detected: {(<Change.modified: 2>, 'C:\\Users\\vansh\\Projects\\Fashion-Recommender\\logs\\03_15_2026_15_14_12.log'), (<Change.modified: 2>, 'C:\\Users\\vansh\\Projects\\Fashion-Recommender\\logs\\03_15_2026_15_14_32.log'), (<Change.modified: 2>, 'C:\\Users\\vansh\\Projects\\Fashion-Recommender\\logs\\03_15_2026_15_28_15.log')}
[ 2026-03-15 15:29:36,344 ] watchfiles.main - DEBUG - 3 changes detected: {(<Change.modified: 2>, 'C:\\Users\\vansh\\Projects\\Fashion-Recommender\\logs\\03_15_2026_15_14_12.log'), (<Change.modified: 2>, 'C:\\Users\\vansh\\Projects\\Fashion-Recommender\\logs\\03_15_2026_15_14_32.log'), (<Change.modified: 2>, 'C:\\Users\\vansh\\Projects\\Fashion-Recommender\\logs\\03_15_2026_15_28_15.log')}
[ 2026-03-15 15:29:36,710 ] watchfiles.main - DEBUG - 3 changes detected: {(<Change.modified: 2>, 'C:\\Users\\vansh\\Projects\\Fashion-Recommender\\logs\\03_15_2026_15_14_12.log'), (<Change.modified: 2>, 'C:\\Users\\vansh\\Projects\\Fashion-Recommender\\logs\\03_15_2026_15_14_32.log'), (<Change.modified: 2>, 'C:\\Users\\vansh\\Projects\\Fashion-Recommender\\logs\\03_15_2026_15_28_15.log')}
[ 2026-03-15 15:29:37,075 ] watchfiles.main - DEBUG - 3 changes detected: {(<Change.modified: 2>, 'C:\\Users\\vansh\\Projects\\Fashion-Recommender\\logs\\03_15_2026_15_14_12.log'), (<Change.modified: 2>, 'C:\\Users\\vansh\\Projects\\Fashion-Recommender\\logs\\03_15_2026_15_14_32.log'), (<Change.modified: 2>, 'C:\\Users\\vansh\\Projects\\Fashion-Recommender\\logs\\03_15_2026_15_28_15.log')}
[ 2026-03-15 15:29:37,438 ] watchfiles.main - DEBUG - 3 changes detected: {(<Change.modified: 2>, 'C:\\Users\\vansh\\Projects\\Fashion-Recommender\\logs\\03_15_2026_15_14_12.log'), (<Change.modified: 2>, 'C:\\Users\\vansh\\Projects\\Fashion-Recommender\\logs\\03_15_2026_15_14_32.log'), (<Change.modified: 2>, 'C:\\Users\\vansh\\Projects\\Fashion-Recommender\\logs\\03_15_2026_15_28_15.log')}
[ 2026-03-15 15:29:37,841 ] watchfiles.main - DEBUG - 3 changes detected: {(<Change.modified: 2>, 'C:\\Users\\vansh\\Projects\\Fashion-Recommender\\logs\\03_15_2026_15_14_12.log'), (<Change.modified: 2>, 'C:\\Users\\vansh\\Projects\\Fashion-Recommender\\logs\\03_15_2026_15_14_32.log'), (<Change.modified: 2>, 'C:\\Users\\vansh\\Projects\\Fashion-Recommender\\logs\\03_15_2026_15_28_15.log')}
[ 2026-03-15 15:29:38,244 ] watchfiles.main - DEBUG - 3 changes detected: {(<Change.modified: 2>, 'C:\\Users\\vansh\\Projects\\Fashion-Recommender\\logs\\03_15_2026_15_14_12.log'), (<Change.modified: 2>, 'C:\\Users\\vansh\\Projects\\Fashion-Recommender\\logs\\03_15_2026_15_14_32.log'), (<Change.modified: 2>, 'C:\\Users\\vansh\\Projects\\Fashion-Recommender\\logs\\03_15_2026_15_28_15.log')}
[ 2026-03-15 15:29:38,646 ] watchfiles.main - DEBUG - 3 changes detected: {(<Change.modified: 2>, 'C:\\Users\\vansh\\Projects\\Fashion-Recommender\\logs\\03_15_2026_15_14_12.log'), (<Change.modified: 2>, 'C:\\Users\\vansh\\Projects\\Fashion-Recommender\\logs\\03_15_2026_15_14_32.log'), (<Change.modified: 2>, 'C:\\Users\\vansh\\Projects\\Fashion-Recommender\\logs\\03_15_2026_15_28_15.log')}
[ 2026-03-15 15:29:39,047 ] watchfiles.main - DEBUG - 3 changes detected: {(<Change.modified: 2>, 'C:\\Users\\vansh\\Projects\\Fashion-Recommender\\logs\\03_15_2026_15_14_12.log'), (<Change.modified: 2>, 'C:\\Users\\vansh\\Projects\\Fashion-Recommender\\logs\\03_15_2026_15_14_32.log'), (<Change.modified: 2>, 'C:\\Users\\vansh\\Projects\\Fashion-Recommender\\logs\\03_15_2026_15_28_15.log')}
[ 2026-03-15 15:29:39,459 ] watchfiles.main - DEBUG - 3 changes detected: {(<Change.modified: 2>, 'C:\\Users\\vansh\\Projects\\Fashion-Recommender\\logs\\03_15_2026_15_14_12.log'), (<Change.modified: 2>, 'C:\\Users\\vansh\\Projects\\Fashion-Recommender\\logs\\03_15_2026_15_14_32.log'), (<Change.modified: 2>, 'C:\\Users\\vansh\\Projects\\Fashion-Recommender\\logs\\03_15_2026_15_28_15.log')}
[ 2026-03-15 15:29:39,863 ] watchfiles.main - DEBUG - 3 changes detected: {(<Change.modified: 2>, 'C:\\Users\\vansh\\Projects\\Fashion-Recommender\\logs\\03_15_2026_15_14_12.log'), (<Change.modified: 2>, 'C:\\Users\\vansh\\Projects\\Fashion-Recommender\\logs\\03_15_2026_15_14_32.log'), (<Change.modified: 2>, 'C:\\Users\\vansh\\Projects\\Fashion-Recommender\\logs\\03_15_2026_15_28_15.log')}
[ 2026-03-15 15:29:40,274 ] watchfiles.main - DEBUG - 3 changes detected: {(<Change.modified: 2>, 'C:\\Users\\vansh\\Projects\\Fashion-Recommender\\logs\\03_15_2026_15_14_12.log'), (<Change.modified: 2>, 'C:\\Users\\vansh\\Projects\\Fashion-Recommender\\logs\\03_15_2026_15_14_32.log'), (<Change.modified: 2>, 'C:\\Users\\vansh\\Projects\\Fashion-Recommender\\logs\\03_15_2026_15_28_15.log')}
[ 2026-03-15 15:29:40,686 ] watchfiles.main - DEBUG - 3 changes detected: {(<Change.modified: 2>, 'C:\\Users\\vansh\\Projects\\Fashion-Recommender\\logs\\03_15_2026_15_14_12.log'), (<Change.modified: 2>, 'C:\\Users\\vansh\\Projects\\Fashion-Recommender\\logs\\03_15_2026_15_14_32.log'), (<Change.modified: 2>, 'C:\\Users\\vansh\\Projects\\Fashion-Recommender\\logs\\03_15_2026_15_28_15.log')}
[ 2026-03-15 15:29:41,091 ] watchfiles.main - DEBUG - 3 changes detected: {(<Change.modified: 2>, 'C:\\Users\\vansh\\Projects\\Fashion-Recommender\\logs\\03_15_2026_15_14_12.log'), (<Change.modified: 2>, 'C:\\Users\\vansh\\Projects\\Fashion-Recommender\\logs\\03_15_2026_15_14_32.log'), (<Change.modified: 2>, 'C:\\Users\\vansh\\Projects\\Fashion-Recommender\\logs\\03_15_2026_15_28_15.log')}
[ 2026-03-15 15:29:41,508 ] watchfiles.main - DEBUG - 3 changes detected: {(<Change.modified: 2>, 'C:\\Users\\vansh\\Projects\\Fashion-Recommender\\logs\\03_15_2026_15_14_12.log'), (<Change.modified: 2>, 'C:\\Users\\vansh\\Projects\\Fashion-Recommender\\logs\\03_15_2026_15_14_32.log'), (<Change.modified: 2>, 'C:\\Users\\vansh\\Projects\\Fashion-Recommender\\logs\\03_15_2026_15_28_15.log')}
[ 2026-03-15 15:29:41,925 ] watchfiles.main - DEBUG - 3 changes detected: {(<Change.modified: 2>, 'C:\\Users\\vansh\\Projects\\Fashion-Recommender\\logs\\03_15_2026_15_14_12.log'), (<Change.modified: 2>, 'C:\\Users\\vansh\\Projects\\Fashion-Recommender\\logs\\03_15_2026_15_14_32.log'), (<Change.modified: 2>, 'C:\\Users\\vansh\\Projects\\Fashion-Recommender\\logs\\03_15_2026_15_28_15.log')}
[ 2026-03-15 15:29:42,340 ] watchfiles.main - DEBUG - 3 changes detected: {(<Change.modified: 2>, 'C:\\Users\\vansh\\Projects\\Fashion-Recommender\\logs\\03_15_2026_15_14_12.log'), (<Change.modified: 2>, 'C:\\Users\\vansh\\Projects\\Fashion-Recommender\\logs\\03_15_2026_15_14_32.log'), (<Change.modified: 2>, 'C:\\Users\\vansh\\Projects\\Fashion-Recommender\\logs\\03_15_2026_15_28_15.log')}
[ 2026-03-15 15:29:42,754 ] watchfiles.main - DEBUG - 3 changes detected: {(<Change.modified: 2>, 'C:\\Users\\vansh\\Projects\\Fashion-Recommender\\logs\\03_15_2026_15_14_12.log'), (<Change.modified: 2>, 'C:\\Users\\vansh\\Projects\\Fashion-Recommender\\logs\\03_15_2026_15_14_32.log'), (<Change.modified: 2>, 'C:\\Users\\vansh\\Projects\\Fashion-Recommender\\logs\\03_15_2026_15_28_15.log')}
[ 2026-03-15 15:29:43,169 ] watchfiles.main - DEBUG - 3 changes detected: {(<Change.modified: 2>, 'C:\\Users\\vansh\\Projects\\Fashion-Recommender\\logs\\03_15_2026_15_14_12.log'), (<Change.modified: 2>, 'C:\\Users\\vansh\\Projects\\Fashion-Recommender\\logs\\03_15_2026_15_14_32.log'), (<Change.modified: 2>, 'C:\\Users\\vansh\\Projects\\Fashion-Recommender\\logs\\03_15_2026_15_28_15.log')}
[ 2026-03-15 15:29:43,583 ] watchfiles.main - DEBUG - 3 changes detected: {(<Change.modified: 2>, 'C:\\Users\\vansh\\Projects\\Fashion-Recommender\\logs\\03_15_2026_15_14_12.log'), (<Change.modified: 2>, 'C:\\Users\\vansh\\Projects\\Fashion-Recommender\\logs\\03_15_2026_15_14_32.log'), (<Change.modified: 2>, 'C:\\Users\\vansh\\Projects\\Fashion-Recommender\\logs\\03_15_2026_15_28_15.log')}
[ 2026-03-15 15:29:43,993 ] watchfiles.main - DEBUG - 3 changes detected: {(<Change.modified: 2>, 'C:\\Users\\vansh\\Projects\\Fashion-Recommender\\logs\\03_15_2026_15_14_12.log'), (<Change.modified: 2>, 'C:\\Users\\vansh\\Projects\\Fashion-Recommender\\logs\\03_15_2026_15_14_32.log'), (<Change.modified: 2>, 'C:\\Users\\vansh\\Projects\\Fashion-Recommender\\logs\\03_15_2026_15_28_15.log')}
[ 2026-03-15 15:29:44,357 ] watchfiles.main - DEBUG - 3 changes detected: {(<Change.modified: 2>, 'C:\\Users\\vansh\\Projects\\Fashion-Recommender\\logs\\03_15_2026_15_14_12.log'), (<Change.modified: 2>, 'C:\\Users\\vansh\\Projects\\Fashion-Recommender\\logs\\03_15_2026_15_14_32.log'), (<Change.modified: 2>, 'C:\\Users\\vansh\\Projects\\Fashion-Recommender\\logs\\03_15_2026_15_28_15.log')}
[ 2026-03-15 15:29:44,763 ] watchfiles.main - DEBUG - 3 changes detected: {(<Change.modified: 2>, 'C:\\Users\\vansh\\Projects\\Fashion-Recommender\\logs\\03_15_2026_15_14_12.log'), (<Change.modified: 2>, 'C:\\Users\\vansh\\Projects\\Fashion-Recommender\\logs\\03_15_2026_15_14_32.log'), (<Change.modified: 2>, 'C:\\Users\\vansh\\Projects\\Fashion-Recommender\\logs\\03_15_2026_15_28_15.log')}
[ 2026-03-15 15:29:45,178 ] watchfiles.main - DEBUG - 3 changes detected: {(<Change.modified: 2>, 'C:\\Users\\vansh\\Projects\\Fashion-Recommender\\logs\\03_15_2026_15_14_12.log'), (<Change.modified: 2>, 'C:\\Users\\vansh\\Projects\\Fashion-Recommender\\logs\\03_15_2026_15_14_32.log'), (<Change.modified: 2>, 'C:\\Users\\vansh\\Projects\\Fashion-Recommender\\logs\\03_15_2026_15_28_15.log')}
[ 2026-03-15 15:29:45,640 ] watchfiles.main - DEBUG - 3 changes detected: {(<Change.modified: 2>, 'C:\\Users\\vansh\\Projects\\Fashion-Recommender\\logs\\03_15_2026_15_14_12.log'), (<Change.modified: 2>, 'C:\\Users\\vansh\\Projects\\Fashion-Recommender\\logs\\03_15_2026_15_14_32.log'), (<Change.modified: 2>, 'C:\\Users\\vansh\\Projects\\Fashion-Recommender\\logs\\03_15_2026_15_28_15.log')}
[ 2026-03-15 15:29:46,043 ] watchfiles.main - DEBUG - 3 changes detected: {(<Change.modified: 2>, 'C:\\Users\\vansh\\Projects\\Fashion-Recommender\\logs\\03_15_2026_15_14_12.log'), (<Change.modified: 2>, 'C:\\Users\\vansh\\Projects\\Fashion-Recommender\\logs\\03_15_2026_15_14_32.log'), (<Change.modified: 2>, 'C:\\Users\\vansh\\Projects\\Fashion-Recommender\\logs\\03_15_2026_15_28_15.log')}
[ 2026-03-15 15:29:46,406 ] watchfiles.main - DEBUG - 3 changes detected: {(<Change.modified: 2>, 'C:\\Users\\vansh\\Projects\\Fashion-Recommender\\logs\\03_15_2026_15_14_12.log'), (<Change.modified: 2>, 'C:\\Users\\vansh\\Projects\\Fashion-Recommender\\logs\\03_15_2026_15_14_32.log'), (<Change.modified: 2>, 'C:\\Users\\vansh\\Projects\\Fashion-Recommender\\logs\\03_15_2026_15_28_15.log')}
[ 2026-03-15 15:29:46,813 ] watchfiles.main - DEBUG - 3 changes detected: {(<Change.modified: 2>, 'C:\\Users\\vansh\\Projects\\Fashion-Recommender\\logs\\03_15_2026_15_14_12.log'), (<Change.modified: 2>, 'C:\\Users\\vansh\\Projects\\Fashion-Recommender\\logs\\03_15_2026_15_14_32.log'), (<Change.modified: 2>, 'C:\\Users\\vansh\\Projects\\Fashion-Recommender\\logs\\03_15_2026_15_28_15.log')}
[ 2026-03-15 15:29:47,228 ] watchfiles.main - DEBUG - 3 changes detected: {(<Change.modified: 2>, 'C:\\Users\\vansh\\Projects\\Fashion-Recommender\\logs\\03_15_2026_15_14_12.log'), (<Change.modified: 2>, 'C:\\Users\\vansh\\Projects\\Fashion-Recommender\\logs\\03_15_2026_15_14_32.log'), (<Change.modified: 2>, 'C:\\Users\\vansh\\Projects\\Fashion-Recommender\\logs\\03_15_2026_15_28_15.log')}
[ 2026-03-15 15:29:47,642 ] watchfiles.main - DEBUG - 3 changes detected: {(<Change.modified: 2>, 'C:\\Users\\vansh\\Projects\\Fashion-Recommender\\logs\\03_15_2026_15_14_12.log'), (<Change.modified: 2>, 'C:\\Users\\vansh\\Projects\\Fashion-Recommender\\logs\\03_15_2026_15_14_32.log'), (<Change.modified: 2>, 'C:\\Users\\vansh\\Projects\\Fashion-Recommender\\logs\\03_15_2026_15_28_15.log')}
[ 2026-03-15 15:29:48,046 ] watchfiles.main - DEBUG - 3 changes detected: {(<Change.modified: 2>, 'C:\\Users\\vansh\\Projects\\Fashion-Recommender\\logs\\03_15_2026_15_14_12.log'), (<Change.modified: 2>, 'C:\\Users\\vansh\\Projects\\Fashion-Recommender\\logs\\03_15_2026_15_14_32.log'), (<Change.modified: 2>, 'C:\\Users\\vansh\\Projects\\Fashion-Recommender\\logs\\03_15_2026_15_28_15.log')}
[ 2026-03-15 15:29:48,455 ] watchfiles.main - DEBUG - 3 changes detected: {(<Change.modified: 2>, 'C:\\Users\\vansh\\Projects\\Fashion-Recommender\\logs\\03_15_2026_15_14_12.log'), (<Change.modified: 2>, 'C:\\Users\\vansh\\Projects\\Fashion-Recommender\\logs\\03_15_2026_15_14_32.log'), (<Change.modified: 2>, 'C:\\Users\\vansh\\Projects\\Fashion-Recommender\\logs\\03_15_2026_15_28_15.log')}
[ 2026-03-15 15:29:48,867 ] watchfiles.main - DEBUG - 3 changes detected: {(<Change.modified: 2>, 'C:\\Users\\vansh\\Projects\\Fashion-Recommender\\logs\\03_15_2026_15_14_12.log'), (<Change.modified: 2>, 'C:\\Users\\vansh\\Projects\\Fashion-Recommender\\logs\\03_15_2026_15_14_32.log'), (<Change.modified: 2>, 'C:\\Users\\vansh\\Projects\\Fashion-Recommender\\logs\\03_15_2026_15_28_15.log')}
[ 2026-03-15 15:29:49,284 ] watchfiles.main - DEBUG - 3 changes detected: {(<Change.modified: 2>, 'C:\\Users\\vansh\\Projects\\Fashion-Recommender\\logs\\03_15_2026_15_14_12.log'), (<Change.modified: 2>, 'C:\\Users\\vansh\\Projects\\Fashion-Recommender\\logs\\03_15_2026_15_14_32.log'), (<Change.modified: 2>, 'C:\\Users\\vansh\\Projects\\Fashion-Recommender\\logs\\03_15_2026_15_28_15.log')}
[ 2026-03-15 15:29:49,686 ] watchfiles.main - DEBUG - 3 changes detected: {(<Change.modified: 2>, 'C:\\Users\\vansh\\Projects\\Fashion-Recommender\\logs\\03_15_2026_15_14_12.log'), (<Change.modified: 2>, 'C:\\Users\\vansh\\Projects\\Fashion-Recommender\\logs\\03_15_2026_15_14_32.log'), (<Change.modified: 2>, 'C:\\Users\\vansh\\Projects\\Fashion-Recommender\\logs\\03_15_2026_15_28_15.log')}
[ 2026-03-15 15:29:50,090 ] watchfiles.main - DEBUG - 3 changes detected: {(<Change.modified: 2>, 'C:\\Users\\vansh\\Projects\\Fashion-Recommender\\logs\\03_15_2026_15_14_12.log'), (<Change.modified: 2>, 'C:\\Users\\vansh\\Projects\\Fashion-Recommender\\logs\\03_15_2026_15_14_32.log'), (<Change.modified: 2>, 'C:\\Users\\vansh\\Projects\\Fashion-Recommender\\logs\\03_15_2026_15_28_15.log')}
[ 2026-03-15 15:29:50,493 ] watchfiles.main - DEBUG - 3 changes detected: {(<Change.modified: 2>, 'C:\\Users\\vansh\\Projects\\Fashion-Recommender\\logs\\03_15_2026_15_14_12.log'), (<Change.modified: 2>, 'C:\\Users\\vansh\\Projects\\Fashion-Recommender\\logs\\03_15_2026_15_14_32.log'), (<Change.modified: 2>, 'C:\\Users\\vansh\\Projects\\Fashion-Recommender\\logs\\03_15_2026_15_28_15.log')}
[ 2026-03-15 15:29:50,902 ] watchfiles.main - DEBUG - 3 changes detected: {(<Change.modified: 2>, 'C:\\Users\\vansh\\Projects\\Fashion-Recommender\\logs\\03_15_2026_15_14_12.log'), (<Change.modified: 2>, 'C:\\Users\\vansh\\Projects\\Fashion-Recommender\\logs\\03_15_2026_15_14_32.log'), (<Change.modified: 2>, 'C:\\Users\\vansh\\Projects\\Fashion-Recommender\\logs\\03_15_2026_15_28_15.log')}
[ 2026-03-15 15:29:51,359 ] watchfiles.main - DEBUG - 3 changes detected: {(<Change.modified: 2>, 'C:\\Users\\vansh\\Projects\\Fashion-Recommender\\logs\\03_15_2026_15_14_12.log'), (<Change.modified: 2>, 'C:\\Users\\vansh\\Projects\\Fashion-Recommender\\logs\\03_15_2026_15_14_32.log'), (<Change.modified: 2>, 'C:\\Users\\vansh\\Projects\\Fashion-Recommender\\logs\\03_15_2026_15_28_15.log')}
[ 2026-03-15 15:29:51,771 ] watchfiles.main - DEBUG - 3 changes detected: {(<Change.modified: 2>, 'C:\\Users\\vansh\\Projects\\Fashion-Recommender\\logs\\03_15_2026_15_14_12.log'), (<Change.modified: 2>, 'C:\\Users\\vansh\\Projects\\Fashion-Recommender\\logs\\03_15_2026_15_14_32.log'), (<Change.modified: 2>, 'C:\\Users\\vansh\\Projects\\Fashion-Recommender\\logs\\03_15_2026_15_28_15.log')}
[ 2026-03-15 15:29:52,174 ] watchfiles.main - DEBUG - 3 changes detected: {(<Change.modified: 2>, 'C:\\Users\\vansh\\Projects\\Fashion-Recommender\\logs\\03_15_2026_15_14_12.log'), (<Change.modified: 2>, 'C:\\Users\\vansh\\Projects\\Fashion-Recommender\\logs\\03_15_2026_15_14_32.log'), (<Change.modified: 2>, 'C:\\Users\\vansh\\Projects\\Fashion-Recommender\\logs\\03_15_2026_15_28_15.log')}
[ 2026-03-15 15:29:52,576 ] watchfiles.main - DEBUG - 3 changes detected: {(<Change.modified: 2>, 'C:\\Users\\vansh\\Projects\\Fashion-Recommender\\logs\\03_15_2026_15_14_12.log'), (<Change.modified: 2>, 'C:\\Users\\vansh\\Projects\\Fashion-Recommender\\logs\\03_15_2026_15_14_32.log'), (<Change.modified: 2>, 'C:\\Users\\vansh\\Projects\\Fashion-Recommender\\logs\\03_15_2026_15_28_15.log')}
[ 2026-03-15 15:29:52,992 ] watchfiles.main - DEBUG - 3 changes detected: {(<Change.modified: 2>, 'C:\\Users\\vansh\\Projects\\Fashion-Recommender\\logs\\03_15_2026_15_14_12.log'), (<Change.modified: 2>, 'C:\\Users\\vansh\\Projects\\Fashion-Recommender\\logs\\03_15_2026_15_14_32.log'), (<Change.modified: 2>, 'C:\\Users\\vansh\\Projects\\Fashion-Recommender\\logs\\03_15_2026_15_28_15.log')}
[ 2026-03-15 15:29:53,402 ] watchfiles.main - DEBUG - 3 changes detected: {(<Change.modified: 2>, 'C:\\Users\\vansh\\Projects\\Fashion-Recommender\\logs\\03_15_2026_15_14_12.log'), (<Change.modified: 2>, 'C:\\Users\\vansh\\Projects\\Fashion-Recommender\\logs\\03_15_2026_15_14_32.log'), (<Change.modified: 2>, 'C:\\Users\\vansh\\Projects\\Fashion-Recommender\\logs\\03_15_2026_15_28_15.log')}
[ 2026-03-15 15:29:53,816 ] watchfiles.main - DEBUG - 3 changes detected: {(<Change.modified: 2>, 'C:\\Users\\vansh\\Projects\\Fashion-Recommender\\logs\\03_15_2026_15_14_12.log'), (<Change.modified: 2>, 'C:\\Users\\vansh\\Projects\\Fashion-Recommender\\logs\\03_15_2026_15_14_32.log'), (<Change.modified: 2>, 'C:\\Users\\vansh\\Projects\\Fashion-Recommender\\logs\\03_15_2026_15_28_15.log')}
[ 2026-03-15 15:29:54,220 ] watchfiles.main - DEBUG - 3 changes detected: {(<Change.modified: 2>, 'C:\\Users\\vansh\\Projects\\Fashion-Recommender\\logs\\03_15_2026_15_14_12.log'), (<Change.modified: 2>, 'C:\\Users\\vansh\\Projects\\Fashion-Recommender\\logs\\03_15_2026_15_14_32.log'), (<Change.modified: 2>, 'C:\\Users\\vansh\\Projects\\Fashion-Recommender\\logs\\03_15_2026_15_28_15.log')}
[ 2026-03-15 15:29:54,627 ] watchfiles.main - DEBUG - 3 changes detected: {(<Change.modified: 2>, 'C:\\Users\\vansh\\Projects\\Fashion-Recommender\\logs\\03_15_2026_15_14_12.log'), (<Change.modified: 2>, 'C:\\Users\\vansh\\Projects\\Fashion-Recommender\\logs\\03_15_2026_15_14_32.log'), (<Change.modified: 2>, 'C:\\Users\\vansh\\Projects\\Fashion-Recommender\\logs\\03_15_2026_15_28_15.log')}
[ 2026-03-15 15:29:55,084 ] watchfiles.main - DEBUG - 3 changes detected: {(<Change.modified: 2>, 'C:\\Users\\vansh\\Projects\\Fashion-Recommender\\logs\\03_15_2026_15_14_12.log'), (<Change.modified: 2>, 'C:\\Users\\vansh\\Projects\\Fashion-Recommender\\logs\\03_15_2026_15_14_32.log'), (<Change.modified: 2>, 'C:\\Users\\vansh\\Projects\\Fashion-Recommender\\logs\\03_15_2026_15_28_15.log')}
[ 2026-03-15 15:29:55,491 ] watchfiles.main - DEBUG - 3 changes detected: {(<Change.modified: 2>, 'C:\\Users\\vansh\\Projects\\Fashion-Recommender\\logs\\03_15_2026_15_14_12.log'), (<Change.modified: 2>, 'C:\\Users\\vansh\\Projects\\Fashion-Recommender\\logs\\03_15_2026_15_14_32.log'), (<Change.modified: 2>, 'C:\\Users\\vansh\\Projects\\Fashion-Recommender\\logs\\03_15_2026_15_28_15.log')}
[ 2026-03-15 15:29:55,910 ] watchfiles.main - DEBUG - 3 changes detected: {(<Change.modified: 2>, 'C:\\Users\\vansh\\Projects\\Fashion-Recommender\\logs\\03_15_2026_15_14_12.log'), (<Change.modified: 2>, 'C:\\Users\\vansh\\Projects\\Fashion-Recommender\\logs\\03_15_2026_15_14_32.log'), (<Change.modified: 2>, 'C:\\Users\\vansh\\Projects\\Fashion-Recommender\\logs\\03_15_2026_15_28_15.log')}
[ 2026-03-15 15:29:56,315 ] watchfiles.main - DEBUG - 3 changes detected: {(<Change.modified: 2>, 'C:\\Users\\vansh\\Projects\\Fashion-Recommender\\logs\\03_15_2026_15_14_12.log'), (<Change.modified: 2>, 'C:\\Users\\vansh\\Projects\\Fashion-Recommender\\logs\\03_15_2026_15_14_32.log'), (<Change.modified: 2>, 'C:\\Users\\vansh\\Projects\\Fashion-Recommender\\logs\\03_15_2026_15_28_15.log')}
[ 2026-03-15 15:29:56,721 ] watchfiles.main - DEBUG - 3 changes detected: {(<Change.modified: 2>, 'C:\\Users\\vansh\\Projects\\Fashion-Recommender\\logs\\03_15_2026_15_14_12.log'), (<Change.modified: 2>, 'C:\\Users\\vansh\\Projects\\Fashion-Recommender\\logs\\03_15_2026_15_14_32.log'), (<Change.modified: 2>, 'C:\\Users\\vansh\\Projects\\Fashion-Recommender\\logs\\03_15_2026_15_28_15.log')}
[ 2026-03-15 15:29:57,176 ] watchfiles.main - DEBUG - 3 changes detected: {(<Change.modified: 2>, 'C:\\Users\\vansh\\Projects\\Fashion-Recommender\\logs\\03_15_2026_15_14_12.log'), (<Change.modified: 2>, 'C:\\Users\\vansh\\Projects\\Fashion-Recommender\\logs\\03_15_2026_15_14_32.log'), (<Change.modified: 2>, 'C:\\Users\\vansh\\Projects\\Fashion-Recommender\\logs\\03_15_2026_15_28_15.log')}
[ 2026-03-15 15:29:57,579 ] watchfiles.main - DEBUG - 3 changes detected: {(<Change.modified: 2>, 'C:\\Users\\vansh\\Projects\\Fashion-Recommender\\logs\\03_15_2026_15_14_12.log'), (<Change.modified: 2>, 'C:\\Users\\vansh\\Projects\\Fashion-Recommender\\logs\\03_15_2026_15_14_32.log'), (<Change.modified: 2>, 'C:\\Users\\vansh\\Projects\\Fashion-Recommender\\logs\\03_15_2026_15_28_15.log')}
[ 2026-03-15 15:29:57,985 ] watchfiles.main - DEBUG - 3 changes detected: {(<Change.modified: 2>, 'C:\\Users\\vansh\\Projects\\Fashion-Recommender\\logs\\03_15_2026_15_14_12.log'), (<Change.modified: 2>, 'C:\\Users\\vansh\\Projects\\Fashion-Recommender\\logs\\03_15_2026_15_14_32.log'), (<Change.modified: 2>, 'C:\\Users\\vansh\\Projects\\Fashion-Recommender\\logs\\03_15_2026_15_28_15.log')}
[ 2026-03-15 15:29:58,391 ] watchfiles.main - DEBUG - 3 changes detected: {(<Change.modified: 2>, 'C:\\Users\\vansh\\Projects\\Fashion-Recommender\\logs\\03_15_2026_15_14_12.log'), (<Change.modified: 2>, 'C:\\Users\\vansh\\Projects\\Fashion-Recommender\\logs\\03_15_2026_15_14_32.log'), (<Change.modified: 2>, 'C:\\Users\\vansh\\Projects\\Fashion-Recommender\\logs\\03_15_2026_15_28_15.log')}
[ 2026-03-15 15:29:58,802 ] watchfiles.main - DEBUG - 3 changes detected: {(<Change.modified: 2>, 'C:\\Users\\vansh\\Projects\\Fashion-Recommender\\logs\\03_15_2026_15_14_12.log'), (<Change.modified: 2>, 'C:\\Users\\vansh\\Projects\\Fashion-Recommender\\logs\\03_15_2026_15_14_32.log'), (<Change.modified: 2>, 'C:\\Users\\vansh\\Projects\\Fashion-Recommender\\logs\\03_15_2026_15_28_15.log')}
[ 2026-03-15 15:29:59,204 ] watchfiles.main - DEBUG - 3 changes detected: {(<Change.modified: 2>, 'C:\\Users\\vansh\\Projects\\Fashion-Recommender\\logs\\03_15_2026_15_14_12.log'), (<Change.modified: 2>, 'C:\\Users\\vansh\\Projects\\Fashion-Recommender\\logs\\03_15_2026_15_14_32.log'), (<Change.modified: 2>, 'C:\\Users\\vansh\\Projects\\Fashion-Recommender\\logs\\03_15_2026_15_28_15.log')}
[ 2026-03-15 15:29:59,659 ] watchfiles.main - DEBUG - 3 changes detected: {(<Change.modified: 2>, 'C:\\Users\\vansh\\Projects\\Fashion-Recommender\\logs\\03_15_2026_15_14_12.log'), (<Change.modified: 2>, 'C:\\Users\\vansh\\Projects\\Fashion-Recommender\\logs\\03_15_2026_15_14_32.log'), (<Change.modified: 2>, 'C:\\Users\\vansh\\Projects\\Fashion-Recommender\\logs\\03_15_2026_15_28_15.log')}
[ 2026-03-15 15:30:00,067 ] watchfiles.main - DEBUG - 3 changes detected: {(<Change.modified: 2>, 'C:\\Users\\vansh\\Projects\\Fashion-Recommender\\logs\\03_15_2026_15_14_12.log'), (<Change.modified: 2>, 'C:\\Users\\vansh\\Projects\\Fashion-Recommender\\logs\\03_15_2026_15_14_32.log'), (<Change.modified: 2>, 'C:\\Users\\vansh\\Projects\\Fashion-Recommender\\logs\\03_15_2026_15_28_15.log')}
[ 2026-03-15 15:30:00,476 ] watchfiles.main - DEBUG - 3 changes detected: {(<Change.modified: 2>, 'C:\\Users\\vansh\\Projects\\Fashion-Recommender\\logs\\03_15_2026_15_14_12.log'), (<Change.modified: 2>, 'C:\\Users\\vansh\\Projects\\Fashion-Recommender\\logs\\03_15_2026_15_14_32.log'), (<Change.modified: 2>, 'C:\\Users\\vansh\\Projects\\Fashion-Recommender\\logs\\03_15_2026_15_28_15.log')}
[ 2026-03-15 15:30:00,884 ] watchfiles.main - DEBUG - 3 changes detected: {(<Change.modified: 2>, 'C:\\Users\\vansh\\Projects\\Fashion-Recommender\\logs\\03_15_2026_15_14_12.log'), (<Change.modified: 2>, 'C:\\Users\\vansh\\Projects\\Fashion-Recommender\\logs\\03_15_2026_15_14_32.log'), (<Change.modified: 2>, 'C:\\Users\\vansh\\Projects\\Fashion-Recommender\\logs\\03_15_2026_15_28_15.log')}
[ 2026-03-15 15:30:01,289 ] watchfiles.main - DEBUG - 3 changes detected: {(<Change.modified: 2>, 'C:\\Users\\vansh\\Projects\\Fashion-Recommender\\logs\\03_15_2026_15_14_12.log'), (<Change.modified: 2>, 'C:\\Users\\vansh\\Projects\\Fashion-Recommender\\logs\\03_15_2026_15_14_32.log'), (<Change.modified: 2>, 'C:\\Users\\vansh\\Projects\\Fashion-Recommender\\logs\\03_15_2026_15_28_15.log')}
[ 2026-03-15 15:30:01,698 ] watchfiles.main - DEBUG - 3 changes detected: {(<Change.modified: 2>, 'C:\\Users\\vansh\\Projects\\Fashion-Recommender\\logs\\03_15_2026_15_14_12.log'), (<Change.modified: 2>, 'C:\\Users\\vansh\\Projects\\Fashion-Recommender\\logs\\03_15_2026_15_14_32.log'), (<Change.modified: 2>, 'C:\\Users\\vansh\\Projects\\Fashion-Recommender\\logs\\03_15_2026_15_28_15.log')}
[ 2026-03-15 15:30:02,109 ] watchfiles.main - DEBUG - 3 changes detected: {(<Change.modified: 2>, 'C:\\Users\\vansh\\Projects\\Fashion-Recommender\\logs\\03_15_2026_15_14_12.log'), (<Change.modified: 2>, 'C:\\Users\\vansh\\Projects\\Fashion-Recommender\\logs\\03_15_2026_15_14_32.log'), (<Change.modified: 2>, 'C:\\Users\\vansh\\Projects\\Fashion-Recommender\\logs\\03_15_2026_15_28_15.log')}
[ 2026-03-15 15:30:02,525 ] watchfiles.main - DEBUG - 3 changes detected: {(<Change.modified: 2>, 'C:\\Users\\vansh\\Projects\\Fashion-Recommender\\logs\\03_15_2026_15_14_12.log'), (<Change.modified: 2>, 'C:\\Users\\vansh\\Projects\\Fashion-Recommender\\logs\\03_15_2026_15_14_32.log'), (<Change.modified: 2>, 'C:\\Users\\vansh\\Projects\\Fashion-Recommender\\logs\\03_15_2026_15_28_15.log')}
[ 2026-03-15 15:30:02,942 ] watchfiles.main - DEBUG - 3 changes detected: {(<Change.modified: 2>, 'C:\\Users\\vansh\\Projects\\Fashion-Recommender\\logs\\03_15_2026_15_14_12.log'), (<Change.modified: 2>, 'C:\\Users\\vansh\\Projects\\Fashion-Recommender\\logs\\03_15_2026_15_14_32.log'), (<Change.modified: 2>, 'C:\\Users\\vansh\\Projects\\Fashion-Recommender\\logs\\03_15_2026_15_28_15.log')}
[ 2026-03-15 15:30:03,360 ] watchfiles.main - DEBUG - 3 changes detected: {(<Change.modified: 2>, 'C:\\Users\\vansh\\Projects\\Fashion-Recommender\\logs\\03_15_2026_15_14_12.log'), (<Change.modified: 2>, 'C:\\Users\\vansh\\Projects\\Fashion-Recommender\\logs\\03_15_2026_15_14_32.log'), (<Change.modified: 2>, 'C:\\Users\\vansh\\Projects\\Fashion-Recommender\\logs\\03_15_2026_15_28_15.log')}
[ 2026-03-15 15:30:03,773 ] watchfiles.main - DEBUG - 3 changes detected: {(<Change.modified: 2>, 'C:\\Users\\vansh\\Projects\\Fashion-Recommender\\logs\\03_15_2026_15_14_12.log'), (<Change.modified: 2>, 'C:\\Users\\vansh\\Projects\\Fashion-Recommender\\logs\\03_15_2026_15_14_32.log'), (<Change.modified: 2>, 'C:\\Users\\vansh\\Projects\\Fashion-Recommender\\logs\\03_15_2026_15_28_15.log')}
[ 2026-03-15 15:30:04,175 ] watchfiles.main - DEBUG - 3 changes detected: {(<Change.modified: 2>, 'C:\\Users\\vansh\\Projects\\Fashion-Recommender\\logs\\03_15_2026_15_14_12.log'), (<Change.modified: 2>, 'C:\\Users\\vansh\\Projects\\Fashion-Recommender\\logs\\03_15_2026_15_14_32.log'), (<Change.modified: 2>, 'C:\\Users\\vansh\\Projects\\Fashion-Recommender\\logs\\03_15_2026_15_28_15.log')}
[ 2026-03-15 15:30:04,590 ] watchfiles.main - DEBUG - 3 changes detected: {(<Change.modified: 2>, 'C:\\Users\\vansh\\Projects\\Fashion-Recommender\\logs\\03_15_2026_15_14_12.log'), (<Change.modified: 2>, 'C:\\Users\\vansh\\Projects\\Fashion-Recommender\\logs\\03_15_2026_15_14_32.log'), (<Change.modified: 2>, 'C:\\Users\\vansh\\Projects\\Fashion-Recommender\\logs\\03_15_2026_15_28_15.log')}
[ 2026-03-15 15:30:05,003 ] watchfiles.main - DEBUG - 3 changes detected: {(<Change.modified: 2>, 'C:\\Users\\vansh\\Projects\\Fashion-Recommender\\logs\\03_15_2026_15_14_12.log'), (<Change.modified: 2>, 'C:\\Users\\vansh\\Projects\\Fashion-Recommender\\logs\\03_15_2026_15_14_32.log'), (<Change.modified: 2>, 'C:\\Users\\vansh\\Projects\\Fashion-Recommender\\logs\\03_15_2026_15_28_15.log')}
[ 2026-03-15 15:30:05,410 ] watchfiles.main - DEBUG - 3 changes detected: {(<Change.modified: 2>, 'C:\\Users\\vansh\\Projects\\Fashion-Recommender\\logs\\03_15_2026_15_14_12.log'), (<Change.modified: 2>, 'C:\\Users\\vansh\\Projects\\Fashion-Recommender\\logs\\03_15_2026_15_14_32.log'), (<Change.modified: 2>, 'C:\\Users\\vansh\\Projects\\Fashion-Recommender\\logs\\03_15_2026_15_28_15.log')}
[ 2026-03-15 15:30:05,822 ] watchfiles.main - DEBUG - 3 changes detected: {(<Change.modified: 2>, 'C:\\Users\\vansh\\Projects\\Fashion-Recommender\\logs\\03_15_2026_15_14_12.log'), (<Change.modified: 2>, 'C:\\Users\\vansh\\Projects\\Fashion-Recommender\\logs\\03_15_2026_15_14_32.log'), (<Change.modified: 2>, 'C:\\Users\\vansh\\Projects\\Fashion-Recommender\\logs\\03_15_2026_15_28_15.log')}
[ 2026-03-15 15:30:06,225 ] watchfiles.main - DEBUG - 3 changes detected: {(<Change.modified: 2>, 'C:\\Users\\vansh\\Projects\\Fashion-Recommender\\logs\\03_15_2026_15_14_12.log'), (<Change.modified: 2>, 'C:\\Users\\vansh\\Projects\\Fashion-Recommender\\logs\\03_15_2026_15_14_32.log'), (<Change.modified: 2>, 'C:\\Users\\vansh\\Projects\\Fashion-Recommender\\logs\\03_15_2026_15_28_15.log')}
[ 2026-03-15 15:30:06,642 ] watchfiles.main - DEBUG - 3 changes detected: {(<Change.modified: 2>, 'C:\\Users\\vansh\\Projects\\Fashion-Recommender\\logs\\03_15_2026_15_14_12.log'), (<Change.modified: 2>, 'C:\\Users\\vansh\\Projects\\Fashion-Recommender\\logs\\03_15_2026_15_14_32.log'), (<Change.modified: 2>, 'C:\\Users\\vansh\\Projects\\Fashion-Recommender\\logs\\03_15_2026_15_28_15.log')}
[ 2026-03-15 15:30:07,055 ] watchfiles.main - DEBUG - 3 changes detected: {(<Change.modified: 2>, 'C:\\Users\\vansh\\Projects\\Fashion-Recommender\\logs\\03_15_2026_15_14_12.log'), (<Change.modified: 2>, 'C:\\Users\\vansh\\Projects\\Fashion-Recommender\\logs\\03_15_2026_15_14_32.log'), (<Change.modified: 2>, 'C:\\Users\\vansh\\Projects\\Fashion-Recommender\\logs\\03_15_2026_15_28_15.log')}
[ 2026-03-15 15:30:07,468 ] watchfiles.main - DEBUG - 3 changes detected: {(<Change.modified: 2>, 'C:\\Users\\vansh\\Projects\\Fashion-Recommender\\logs\\03_15_2026_15_14_12.log'), (<Change.modified: 2>, 'C:\\Users\\vansh\\Projects\\Fashion-Recommender\\logs\\03_15_2026_15_14_32.log'), (<Change.modified: 2>, 'C:\\Users\\vansh\\Projects\\Fashion-Recommender\\logs\\03_15_2026_15_28_15.log')}
[ 2026-03-15 15:30:07,874 ] watchfiles.main - DEBUG - 3 changes detected: {(<Change.modified: 2>, 'C:\\Users\\vansh\\Projects\\Fashion-Recommender\\logs\\03_15_2026_15_14_12.log'), (<Change.modified: 2>, 'C:\\Users\\vansh\\Projects\\Fashion-Recommender\\logs\\03_15_2026_15_14_32.log'), (<Change.modified: 2>, 'C:\\Users\\vansh\\Projects\\Fashion-Recommender\\logs\\03_15_2026_15_28_15.log')}
[ 2026-03-15 15:30:08,278 ] watchfiles.main - DEBUG - 3 changes detected: {(<Change.modified: 2>, 'C:\\Users\\vansh\\Projects\\Fashion-Recommender\\logs\\03_15_2026_15_14_12.log'), (<Change.modified: 2>, 'C:\\Users\\vansh\\Projects\\Fashion-Recommender\\logs\\03_15_2026_15_14_32.log'), (<Change.modified: 2>, 'C:\\Users\\vansh\\Projects\\Fashion-Recommender\\logs\\03_15_2026_15_28_15.log')}
[ 2026-03-15 15:30:08,691 ] watchfiles.main - DEBUG - 3 changes detected: {(<Change.modified: 2>, 'C:\\Users\\vansh\\Projects\\Fashion-Recommender\\logs\\03_15_2026_15_14_12.log'), (<Change.modified: 2>, 'C:\\Users\\vansh\\Projects\\Fashion-Recommender\\logs\\03_15_2026_15_14_32.log'), (<Change.modified: 2>, 'C:\\Users\\vansh\\Projects\\Fashion-Recommender\\logs\\03_15_2026_15_28_15.log')}
[ 2026-03-15 15:30:09,104 ] watchfiles.main - DEBUG - 3 changes detected: {(<Change.modified: 2>, 'C:\\Users\\vansh\\Projects\\Fashion-Recommender\\logs\\03_15_2026_15_14_12.log'), (<Change.modified: 2>, 'C:\\Users\\vansh\\Projects\\Fashion-Recommender\\logs\\03_15_2026_15_14_32.log'), (<Change.modified: 2>, 'C:\\Users\\vansh\\Projects\\Fashion-Recommender\\logs\\03_15_2026_15_28_15.log')}
[ 2026-03-15 15:30:09,557 ] watchfiles.main - DEBUG - 3 changes detected: {(<Change.modified: 2>, 'C:\\Users\\vansh\\Projects\\Fashion-Recommender\\logs\\03_15_2026_15_14_12.log'), (<Change.modified: 2>, 'C:\\Users\\vansh\\Projects\\Fashion-Recommender\\logs\\03_15_2026_15_14_32.log'), (<Change.modified: 2>, 'C:\\Users\\vansh\\Projects\\Fashion-Recommender\\logs\\03_15_2026_15_28_15.log')}
[ 2026-03-15 15:30:09,965 ] watchfiles.main - DEBUG - 3 changes detected: {(<Change.modified: 2>, 'C:\\Users\\vansh\\Projects\\Fashion-Recommender\\logs\\03_15_2026_15_14_12.log'), (<Change.modified: 2>, 'C:\\Users\\vansh\\Projects\\Fashion-Recommender\\logs\\03_15_2026_15_14_32.log'), (<Change.modified: 2>, 'C:\\Users\\vansh\\Projects\\Fashion-Recommender\\logs\\03_15_2026_15_28_15.log')}
[ 2026-03-15 15:30:10,367 ] watchfiles.main - DEBUG - 3 changes detected: {(<Change.modified: 2>, 'C:\\Users\\vansh\\Projects\\Fashion-Recommender\\logs\\03_15_2026_15_14_12.log'), (<Change.modified: 2>, 'C:\\Users\\vansh\\Projects\\Fashion-Recommender\\logs\\03_15_2026_15_14_32.log'), (<Change.modified: 2>, 'C:\\Users\\vansh\\Projects\\Fashion-Recommender\\logs\\03_15_2026_15_28_15.log')}
[ 2026-03-15 15:30:10,783 ] watchfiles.main - DEBUG - 3 changes detected: {(<Change.modified: 2>, 'C:\\Users\\vansh\\Projects\\Fashion-Recommender\\logs\\03_15_2026_15_14_12.log'), (<Change.modified: 2>, 'C:\\Users\\vansh\\Projects\\Fashion-Recommender\\logs\\03_15_2026_15_14_32.log'), (<Change.modified: 2>, 'C:\\Users\\vansh\\Projects\\Fashion-Recommender\\logs\\03_15_2026_15_28_15.log')}
[ 2026-03-15 15:30:11,188 ] watchfiles.main - DEBUG - 3 changes detected: {(<Change.modified: 2>, 'C:\\Users\\vansh\\Projects\\Fashion-Recommender\\logs\\03_15_2026_15_14_12.log'), (<Change.modified: 2>, 'C:\\Users\\vansh\\Projects\\Fashion-Recommender\\logs\\03_15_2026_15_14_32.log'), (<Change.modified: 2>, 'C:\\Users\\vansh\\Projects\\Fashion-Recommender\\logs\\03_15_2026_15_28_15.log')}
[ 2026-03-15 15:30:11,602 ] watchfiles.main - DEBUG - 3 changes detected: {(<Change.modified: 2>, 'C:\\Users\\vansh\\Projects\\Fashion-Recommender\\logs\\03_15_2026_15_14_12.log'), (<Change.modified: 2>, 'C:\\Users\\vansh\\Projects\\Fashion-Recommender\\logs\\03_15_2026_15_14_32.log'), (<Change.modified: 2>, 'C:\\Users\\vansh\\Projects\\Fashion-Recommender\\logs\\03_15_2026_15_28_15.log')}
[ 2026-03-15 15:30:12,007 ] watchfiles.main - DEBUG - 3 changes detected: {(<Change.modified: 2>, 'C:\\Users\\vansh\\Projects\\Fashion-Recommender\\logs\\03_15_2026_15_14_12.log'), (<Change.modified: 2>, 'C:\\Users\\vansh\\Projects\\Fashion-Recommender\\logs\\03_15_2026_15_14_32.log'), (<Change.modified: 2>, 'C:\\Users\\vansh\\Projects\\Fashion-Recommender\\logs\\03_15_2026_15_28_15.log')}
[ 2026-03-15 15:30:12,423 ] watchfiles.main - DEBUG - 3 changes detected: {(<Change.modified: 2>, 'C:\\Users\\vansh\\Projects\\Fashion-Recommender\\logs\\03_15_2026_15_14_12.log'), (<Change.modified: 2>, 'C:\\Users\\vansh\\Projects\\Fashion-Recommender\\logs\\03_15_2026_15_14_32.log'), (<Change.modified: 2>, 'C:\\Users\\vansh\\Projects\\Fashion-Recommender\\logs\\03_15_2026_15_28_15.log')}
[ 2026-03-15 15:30:12,829 ] watchfiles.main - DEBUG - 3 changes detected: {(<Change.modified: 2>, 'C:\\Users\\vansh\\Projects\\Fashion-Recommender\\logs\\03_15_2026_15_14_12.log'), (<Change.modified: 2>, 'C:\\Users\\vansh\\Projects\\Fashion-Recommender\\logs\\03_15_2026_15_14_32.log'), (<Change.modified: 2>, 'C:\\Users\\vansh\\Projects\\Fashion-Recommender\\logs\\03_15_2026_15_28_15.log')}
[ 2026-03-15 15:30:13,248 ] watchfiles.main - DEBUG - 3 changes detected: {(<Change.modified: 2>, 'C:\\Users\\vansh\\Projects\\Fashion-Recommender\\logs\\03_15_2026_15_14_12.log'), (<Change.modified: 2>, 'C:\\Users\\vansh\\Projects\\Fashion-Recommender\\logs\\03_15_2026_15_14_32.log'), (<Change.modified: 2>, 'C:\\Users\\vansh\\Projects\\Fashion-Recommender\\logs\\03_15_2026_15_28_15.log')}
[ 2026-03-15 15:30:13,652 ] watchfiles.main - DEBUG - 3 changes detected: {(<Change.modified: 2>, 'C:\\Users\\vansh\\Projects\\Fashion-Recommender\\logs\\03_15_2026_15_14_12.log'), (<Change.modified: 2>, 'C:\\Users\\vansh\\Projects\\Fashion-Recommender\\logs\\03_15_2026_15_14_32.log'), (<Change.modified: 2>, 'C:\\Users\\vansh\\Projects\\Fashion-Recommender\\logs\\03_15_2026_15_28_15.log')}
[ 2026-03-15 15:30:14,057 ] watchfiles.main - DEBUG - 3 changes detected: {(<Change.modified: 2>, 'C:\\Users\\vansh\\Projects\\Fashion-Recommender\\logs\\03_15_2026_15_14_12.log'), (<Change.modified: 2>, 'C:\\Users\\vansh\\Projects\\Fashion-Recommender\\logs\\03_15_2026_15_14_32.log'), (<Change.modified: 2>, 'C:\\Users\\vansh\\Projects\\Fashion-Recommender\\logs\\03_15_2026_15_28_15.log')}
[ 2026-03-15 15:30:14,474 ] watchfiles.main - DEBUG - 3 changes detected: {(<Change.modified: 2>, 'C:\\Users\\vansh\\Projects\\Fashion-Recommender\\logs\\03_15_2026_15_14_12.log'), (<Change.modified: 2>, 'C:\\Users\\vansh\\Projects\\Fashion-Recommender\\logs\\03_15_2026_15_14_32.log'), (<Change.modified: 2>, 'C:\\Users\\vansh\\Projects\\Fashion-Recommender\\logs\\03_15_2026_15_28_15.log')}
[ 2026-03-15 15:30:14,892 ] watchfiles.main - DEBUG - 3 changes detected: {(<Change.modified: 2>, 'C:\\Users\\vansh\\Projects\\Fashion-Recommender\\logs\\03_15_2026_15_14_12.log'), (<Change.modified: 2>, 'C:\\Users\\vansh\\Projects\\Fashion-Recommender\\logs\\03_15_2026_15_14_32.log'), (<Change.modified: 2>, 'C:\\Users\\vansh\\Projects\\Fashion-Recommender\\logs\\03_15_2026_15_28_15.log')}
[ 2026-03-15 15:30:15,298 ] watchfiles.main - DEBUG - 3 changes detected: {(<Change.modified: 2>, 'C:\\Users\\vansh\\Projects\\Fashion-Recommender\\logs\\03_15_2026_15_14_12.log'), (<Change.modified: 2>, 'C:\\Users\\vansh\\Projects\\Fashion-Recommender\\logs\\03_15_2026_15_14_32.log'), (<Change.modified: 2>, 'C:\\Users\\vansh\\Projects\\Fashion-Recommender\\logs\\03_15_2026_15_28_15.log')}
[ 2026-03-15 15:30:15,709 ] watchfiles.main - DEBUG - 3 changes detected: {(<Change.modified: 2>, 'C:\\Users\\vansh\\Projects\\Fashion-Recommender\\logs\\03_15_2026_15_14_12.log'), (<Change.modified: 2>, 'C:\\Users\\vansh\\Projects\\Fashion-Recommender\\logs\\03_15_2026_15_14_32.log'), (<Change.modified: 2>, 'C:\\Users\\vansh\\Projects\\Fashion-Recommender\\logs\\03_15_2026_15_28_15.log')}
[ 2026-03-15 15:30:16,123 ] watchfiles.main - DEBUG - 3 changes detected: {(<Change.modified: 2>, 'C:\\Users\\vansh\\Projects\\Fashion-Recommender\\logs\\03_15_2026_15_14_12.log'), (<Change.modified: 2>, 'C:\\Users\\vansh\\Projects\\Fashion-Recommender\\logs\\03_15_2026_15_14_32.log'), (<Change.modified: 2>, 'C:\\Users\\vansh\\Projects\\Fashion-Recommender\\logs\\03_15_2026_15_28_15.log')}
[ 2026-03-15 15:30:16,528 ] watchfiles.main - DEBUG - 3 changes detected: {(<Change.modified: 2>, 'C:\\Users\\vansh\\Projects\\Fashion-Recommender\\logs\\03_15_2026_15_14_12.log'), (<Change.modified: 2>, 'C:\\Users\\vansh\\Projects\\Fashion-Recommender\\logs\\03_15_2026_15_14_32.log'), (<Change.modified: 2>, 'C:\\Users\\vansh\\Projects\\Fashion-Recommender\\logs\\03_15_2026_15_28_15.log')}
[ 2026-03-15 15:30:16,934 ] watchfiles.main - DEBUG - 3 changes detected: {(<Change.modified: 2>, 'C:\\Users\\vansh\\Projects\\Fashion-Recommender\\logs\\03_15_2026_15_14_12.log'), (<Change.modified: 2>, 'C:\\Users\\vansh\\Projects\\Fashion-Recommender\\logs\\03_15_2026_15_14_32.log'), (<Change.modified: 2>, 'C:\\Users\\vansh\\Projects\\Fashion-Recommender\\logs\\03_15_2026_15_28_15.log')}
[ 2026-03-15 15:30:17,346 ] watchfiles.main - DEBUG - 3 changes detected: {(<Change.modified: 2>, 'C:\\Users\\vansh\\Projects\\Fashion-Recommender\\logs\\03_15_2026_15_14_12.log'), (<Change.modified: 2>, 'C:\\Users\\vansh\\Projects\\Fashion-Recommender\\logs\\03_15_2026_15_14_32.log'), (<Change.modified: 2>, 'C:\\Users\\vansh\\Projects\\Fashion-Recommender\\logs\\03_15_2026_15_28_15.log')}
[ 2026-03-15 15:30:17,755 ] watchfiles.main - DEBUG - 3 changes detected: {(<Change.modified: 2>, 'C:\\Users\\vansh\\Projects\\Fashion-Recommender\\logs\\03_15_2026_15_14_12.log'), (<Change.modified: 2>, 'C:\\Users\\vansh\\Projects\\Fashion-Recommender\\logs\\03_15_2026_15_14_32.log'), (<Change.modified: 2>, 'C:\\Users\\vansh\\Projects\\Fashion-Recommender\\logs\\03_15_2026_15_28_15.log')}
[ 2026-03-15 15:30:18,158 ] watchfiles.main - DEBUG - 3 changes detected: {(<Change.modified: 2>, 'C:\\Users\\vansh\\Projects\\Fashion-Recommender\\logs\\03_15_2026_15_14_12.log'), (<Change.modified: 2>, 'C:\\Users\\vansh\\Projects\\Fashion-Recommender\\logs\\03_15_2026_15_14_32.log'), (<Change.modified: 2>, 'C:\\Users\\vansh\\Projects\\Fashion-Recommender\\logs\\03_15_2026_15_28_15.log')}
[ 2026-03-15 15:30:18,523 ] watchfiles.main - DEBUG - 3 changes detected: {(<Change.modified: 2>, 'C:\\Users\\vansh\\Projects\\Fashion-Recommender\\logs\\03_15_2026_15_14_12.log'), (<Change.modified: 2>, 'C:\\Users\\vansh\\Projects\\Fashion-Recommender\\logs\\03_15_2026_15_14_32.log'), (<Change.modified: 2>, 'C:\\Users\\vansh\\Projects\\Fashion-Recommender\\logs\\03_15_2026_15_28_15.log')}
[ 2026-03-15 15:30:18,981 ] watchfiles.main - DEBUG - 3 changes detected: {(<Change.modified: 2>, 'C:\\Users\\vansh\\Projects\\Fashion-Recommender\\logs\\03_15_2026_15_14_12.log'), (<Change.modified: 2>, 'C:\\Users\\vansh\\Projects\\Fashion-Recommender\\logs\\03_15_2026_15_14_32.log'), (<Change.modified: 2>, 'C:\\Users\\vansh\\Projects\\Fashion-Recommender\\logs\\03_15_2026_15_28_15.log')}
[ 2026-03-15 15:30:19,354 ] watchfiles.main - DEBUG - 3 changes detected: {(<Change.modified: 2>, 'C:\\Users\\vansh\\Projects\\Fashion-Recommender\\logs\\03_15_2026_15_14_12.log'), (<Change.modified: 2>, 'C:\\Users\\vansh\\Projects\\Fashion-Recommender\\logs\\03_15_2026_15_14_32.log'), (<Change.modified: 2>, 'C:\\Users\\vansh\\Projects\\Fashion-Recommender\\logs\\03_15_2026_15_28_15.log')}
[ 2026-03-15 15:30:19,756 ] watchfiles.main - DEBUG - 3 changes detected: {(<Change.modified: 2>, 'C:\\Users\\vansh\\Projects\\Fashion-Recommender\\logs\\03_15_2026_15_14_12.log'), (<Change.modified: 2>, 'C:\\Users\\vansh\\Projects\\Fashion-Recommender\\logs\\03_15_2026_15_14_32.log'), (<Change.modified: 2>, 'C:\\Users\\vansh\\Projects\\Fashion-Recommender\\logs\\03_15_2026_15_28_15.log')}
[ 2026-03-15 15:30:20,168 ] watchfiles.main - DEBUG - 3 changes detected: {(<Change.modified: 2>, 'C:\\Users\\vansh\\Projects\\Fashion-Recommender\\logs\\03_15_2026_15_14_12.log'), (<Change.modified: 2>, 'C:\\Users\\vansh\\Projects\\Fashion-Recommender\\logs\\03_15_2026_15_14_32.log'), (<Change.modified: 2>, 'C:\\Users\\vansh\\Projects\\Fashion-Recommender\\logs\\03_15_2026_15_28_15.log')}
[ 2026-03-15 15:30:20,623 ] watchfiles.main - DEBUG - 3 changes detected: {(<Change.modified: 2>, 'C:\\Users\\vansh\\Projects\\Fashion-Recommender\\logs\\03_15_2026_15_14_12.log'), (<Change.modified: 2>, 'C:\\Users\\vansh\\Projects\\Fashion-Recommender\\logs\\03_15_2026_15_14_32.log'), (<Change.modified: 2>, 'C:\\Users\\vansh\\Projects\\Fashion-Recommender\\logs\\03_15_2026_15_28_15.log')}
[ 2026-03-15 15:30:21,042 ] watchfiles.main - DEBUG - 3 changes detected: {(<Change.modified: 2>, 'C:\\Users\\vansh\\Projects\\Fashion-Recommender\\logs\\03_15_2026_15_14_12.log'), (<Change.modified: 2>, 'C:\\Users\\vansh\\Projects\\Fashion-Recommender\\logs\\03_15_2026_15_14_32.log'), (<Change.modified: 2>, 'C:\\Users\\vansh\\Projects\\Fashion-Recommender\\logs\\03_15_2026_15_28_15.log')}
[ 2026-03-15 15:30:21,449 ] watchfiles.main - DEBUG - 3 changes detected: {(<Change.modified: 2>, 'C:\\Users\\vansh\\Projects\\Fashion-Recommender\\logs\\03_15_2026_15_14_12.log'), (<Change.modified: 2>, 'C:\\Users\\vansh\\Projects\\Fashion-Recommender\\logs\\03_15_2026_15_14_32.log'), (<Change.modified: 2>, 'C:\\Users\\vansh\\Projects\\Fashion-Recommender\\logs\\03_15_2026_15_28_15.log')}
[ 2026-03-15 15:30:21,858 ] watchfiles.main - DEBUG - 3 changes detected: {(<Change.modified: 2>, 'C:\\Users\\vansh\\Projects\\Fashion-Recommender\\logs\\03_15_2026_15_14_12.log'), (<Change.modified: 2>, 'C:\\Users\\vansh\\Projects\\Fashion-Recommender\\logs\\03_15_2026_15_14_32.log'), (<Change.modified: 2>, 'C:\\Users\\vansh\\Projects\\Fashion-Recommender\\logs\\03_15_2026_15_28_15.log')}
[ 2026-03-15 15:30:22,265 ] watchfiles.main - DEBUG - 3 changes detected: {(<Change.modified: 2>, 'C:\\Users\\vansh\\Projects\\Fashion-Recommender\\logs\\03_15_2026_15_14_12.log'), (<Change.modified: 2>, 'C:\\Users\\vansh\\Projects\\Fashion-Recommender\\logs\\03_15_2026_15_14_32.log'), (<Change.modified: 2>, 'C:\\Users\\vansh\\Projects\\Fashion-Recommender\\logs\\03_15_2026_15_28_15.log')}
[ 2026-03-15 15:30:22,669 ] watchfiles.main - DEBUG - 3 changes detected: {(<Change.modified: 2>, 'C:\\Users\\vansh\\Projects\\Fashion-Recommender\\logs\\03_15_2026_15_14_12.log'), (<Change.modified: 2>, 'C:\\Users\\vansh\\Projects\\Fashion-Recommender\\logs\\03_15_2026_15_14_32.log'), (<Change.modified: 2>, 'C:\\Users\\vansh\\Projects\\Fashion-Recommender\\logs\\03_15_2026_15_28_15.log')}
[ 2026-03-15 15:30:23,073 ] watchfiles.main - DEBUG - 3 changes detected: {(<Change.modified: 2>, 'C:\\Users\\vansh\\Projects\\Fashion-Recommender\\logs\\03_15_2026_15_14_12.log'), (<Change.modified: 2>, 'C:\\Users\\vansh\\Projects\\Fashion-Recommender\\logs\\03_15_2026_15_14_32.log'), (<Change.modified: 2>, 'C:\\Users\\vansh\\Projects\\Fashion-Recommender\\logs\\03_15_2026_15_28_15.log')}
[ 2026-03-15 15:30:23,485 ] watchfiles.main - DEBUG - 3 changes detected: {(<Change.modified: 2>, 'C:\\Users\\vansh\\Projects\\Fashion-Recommender\\logs\\03_15_2026_15_14_12.log'), (<Change.modified: 2>, 'C:\\Users\\vansh\\Projects\\Fashion-Recommender\\logs\\03_15_2026_15_14_32.log'), (<Change.modified: 2>, 'C:\\Users\\vansh\\Projects\\Fashion-Recommender\\logs\\03_15_2026_15_28_15.log')}
[ 2026-03-15 15:30:23,891 ] watchfiles.main - DEBUG - 3 changes detected: {(<Change.modified: 2>, 'C:\\Users\\vansh\\Projects\\Fashion-Recommender\\logs\\03_15_2026_15_14_12.log'), (<Change.modified: 2>, 'C:\\Users\\vansh\\Projects\\Fashion-Recommender\\logs\\03_15_2026_15_14_32.log'), (<Change.modified: 2>, 'C:\\Users\\vansh\\Projects\\Fashion-Recommender\\logs\\03_15_2026_15_28_15.log')}
[ 2026-03-15 15:30:24,301 ] watchfiles.main - DEBUG - 3 changes detected: {(<Change.modified: 2>, 'C:\\Users\\vansh\\Projects\\Fashion-Recommender\\logs\\03_15_2026_15_14_12.log'), (<Change.modified: 2>, 'C:\\Users\\vansh\\Projects\\Fashion-Recommender\\logs\\03_15_2026_15_14_32.log'), (<Change.modified: 2>, 'C:\\Users\\vansh\\Projects\\Fashion-Recommender\\logs\\03_15_2026_15_28_15.log')}
[ 2026-03-15 15:30:24,718 ] watchfiles.main - DEBUG - 3 changes detected: {(<Change.modified: 2>, 'C:\\Users\\vansh\\Projects\\Fashion-Recommender\\logs\\03_15_2026_15_14_12.log'), (<Change.modified: 2>, 'C:\\Users\\vansh\\Projects\\Fashion-Recommender\\logs\\03_15_2026_15_14_32.log'), (<Change.modified: 2>, 'C:\\Users\\vansh\\Projects\\Fashion-Recommender\\logs\\03_15_2026_15_28_15.log')}
[ 2026-03-15 15:30:25,076 ] watchfiles.main - DEBUG - 3 changes detected: {(<Change.modified: 2>, 'C:\\Users\\vansh\\Projects\\Fashion-Recommender\\logs\\03_15_2026_15_14_12.log'), (<Change.modified: 2>, 'C:\\Users\\vansh\\Projects\\Fashion-Recommender\\logs\\03_15_2026_15_14_32.log'), (<Change.modified: 2>, 'C:\\Users\\vansh\\Projects\\Fashion-Recommender\\logs\\03_15_2026_15_28_15.log')}
[ 2026-03-15 15:30:25,483 ] watchfiles.main - DEBUG - 3 changes detected: {(<Change.modified: 2>, 'C:\\Users\\vansh\\Projects\\Fashion-Recommender\\logs\\03_15_2026_15_14_12.log'), (<Change.modified: 2>, 'C:\\Users\\vansh\\Projects\\Fashion-Recommender\\logs\\03_15_2026_15_14_32.log'), (<Change.modified: 2>, 'C:\\Users\\vansh\\Projects\\Fashion-Recommender\\logs\\03_15_2026_15_28_15.log')}
[ 2026-03-15 15:30:25,896 ] watchfiles.main - DEBUG - 3 changes detected: {(<Change.modified: 2>, 'C:\\Users\\vansh\\Projects\\Fashion-Recommender\\logs\\03_15_2026_15_14_12.log'), (<Change.modified: 2>, 'C:\\Users\\vansh\\Projects\\Fashion-Recommender\\logs\\03_15_2026_15_14_32.log'), (<Change.modified: 2>, 'C:\\Users\\vansh\\Projects\\Fashion-Recommender\\logs\\03_15_2026_15_28_15.log')}
[ 2026-03-15 15:30:26,351 ] watchfiles.main - DEBUG - 3 changes detected: {(<Change.modified: 2>, 'C:\\Users\\vansh\\Projects\\Fashion-Recommender\\logs\\03_15_2026_15_14_12.log'), (<Change.modified: 2>, 'C:\\Users\\vansh\\Projects\\Fashion-Recommender\\logs\\03_15_2026_15_14_32.log'), (<Change.modified: 2>, 'C:\\Users\\vansh\\Projects\\Fashion-Recommender\\logs\\03_15_2026_15_28_15.log')}
[ 2026-03-15 15:30:26,718 ] watchfiles.main - DEBUG - 3 changes detected: {(<Change.modified: 2>, 'C:\\Users\\vansh\\Projects\\Fashion-Recommender\\logs\\03_15_2026_15_14_12.log'), (<Change.modified: 2>, 'C:\\Users\\vansh\\Projects\\Fashion-Recommender\\logs\\03_15_2026_15_14_32.log'), (<Change.modified: 2>, 'C:\\Users\\vansh\\Projects\\Fashion-Recommender\\logs\\03_15_2026_15_28_15.log')}
[ 2026-03-15 15:30:27,175 ] watchfiles.main - DEBUG - 3 changes detected: {(<Change.modified: 2>, 'C:\\Users\\vansh\\Projects\\Fashion-Recommender\\logs\\03_15_2026_15_14_12.log'), (<Change.modified: 2>, 'C:\\Users\\vansh\\Projects\\Fashion-Recommender\\logs\\03_15_2026_15_14_32.log'), (<Change.modified: 2>, 'C:\\Users\\vansh\\Projects\\Fashion-Recommender\\logs\\03_15_2026_15_28_15.log')}
[ 2026-03-15 15:30:27,538 ] watchfiles.main - DEBUG - 3 changes detected: {(<Change.modified: 2>, 'C:\\Users\\vansh\\Projects\\Fashion-Recommender\\logs\\03_15_2026_15_14_12.log'), (<Change.modified: 2>, 'C:\\Users\\vansh\\Projects\\Fashion-Recommender\\logs\\03_15_2026_15_14_32.log'), (<Change.modified: 2>, 'C:\\Users\\vansh\\Projects\\Fashion-Recommender\\logs\\03_15_2026_15_28_15.log')}
[ 2026-03-15 15:30:27,992 ] watchfiles.main - DEBUG - 3 changes detected: {(<Change.modified: 2>, 'C:\\Users\\vansh\\Projects\\Fashion-Recommender\\logs\\03_15_2026_15_14_12.log'), (<Change.modified: 2>, 'C:\\Users\\vansh\\Projects\\Fashion-Recommender\\logs\\03_15_2026_15_14_32.log'), (<Change.modified: 2>, 'C:\\Users\\vansh\\Projects\\Fashion-Recommender\\logs\\03_15_2026_15_28_15.log')}
[ 2026-03-15 15:30:28,351 ] watchfiles.main - DEBUG - 3 changes detected: {(<Change.modified: 2>, 'C:\\Users\\vansh\\Projects\\Fashion-Recommender\\logs\\03_15_2026_15_14_12.log'), (<Change.modified: 2>, 'C:\\Users\\vansh\\Projects\\Fashion-Recommender\\logs\\03_15_2026_15_14_32.log'), (<Change.modified: 2>, 'C:\\Users\\vansh\\Projects\\Fashion-Recommender\\logs\\03_15_2026_15_28_15.log')}
[ 2026-03-15 15:30:28,708 ] watchfiles.main - DEBUG - 2 changes detected: {(<Change.added: 1>, 'C:\\Users\\vansh\\Projects\\Fashion-Recommender\\src\\fashion_recommender\\tests'), (<Change.added: 1>, 'C:\\Users\\vansh\\Projects\\Fashion-Recommender\\src\\fashion_recommender\\tests\\run_train.py')}
